 8:57:59 (lmgrd) -----------------------------------------------
 8:57:59 (lmgrd)   Please Note:
 8:57:59 (lmgrd) 
 8:57:59 (lmgrd)   This log is intended for debug purposes only.
 8:57:59 (lmgrd)   In order to capture accurate license
 8:57:59 (lmgrd)   usage data into an organized repository,
 8:57:59 (lmgrd)   please enable report logging. Use Flexera's
 8:57:59 (lmgrd)   software license administration  solution,
 8:57:59 (lmgrd)   FlexNet Manager, to  readily gain visibility
 8:57:59 (lmgrd)   into license usage data and to create
 8:57:59 (lmgrd)   insightful reports on critical information like
 8:57:59 (lmgrd)   license availability and usage. FlexNet Manager
 8:57:59 (lmgrd)   can be fully automated to run these reports on
 8:57:59 (lmgrd)   schedule and can be used to track license
 8:57:59 (lmgrd)   servers and usage across a heterogeneous
 8:57:59 (lmgrd)   network of servers including Windows NT, Linux
 8:57:59 (lmgrd)   and UNIX.
 8:57:59 (lmgrd) 
 8:57:59 (lmgrd) -----------------------------------------------
 8:57:59 (lmgrd) 
 8:57:59 (lmgrd) 
 8:57:59 (lmgrd) Server's System Date and Time: Thu Jul 08 2021 08:57:59 UTC
 8:57:59 (lmgrd) SLOG: Summary LOG statistics is enabled.
 8:58:14 (lmgrd) The TCP port number in the license, 27020, is already in use.
 8:58:14 (lmgrd) Possible causes: 
 8:58:14 (lmgrd)    1) The license server manager (lmgrd) is already running for this license.
 8:58:14 (lmgrd)    2) The OS has not "cleared" this port since lmgrd died.
 8:58:14 (lmgrd)    3) Another process is using this port number (unlikely).
 8:58:14 (lmgrd) Solutions:
 8:58:14 (lmgrd)    1) Make sure lmgrd and all vendor daemons for this 
 8:58:14 (lmgrd)       license are not running.
 8:58:14 (lmgrd)    2) You may have to wait for the OS to clear this port.
 8:58:14 (lmgrd) Retrying for about 5 more minutes
 8:58:32 (lmgrd) FlexNet Licensing (v11.16.4.0 build 252457 x64_lsb) started on ip-172-31-33-1.us-east-2.compute.internal (linux) (7/8/2021)
 8:58:32 (lmgrd) Copyright (c) 1988-2019 Flexera. All Rights Reserved.
 8:58:32 (lmgrd) World Wide Web:  http://www.flexerasoftware.com
 8:58:32 (lmgrd) License file(s): ./admin/license/Jul21.lic
 8:58:32 (lmgrd) lmgrd tcp-port 27020
 8:58:32 (lmgrd) (@lmgrd-SLOG@) ===============================================
 8:58:32 (lmgrd) (@lmgrd-SLOG@) === LMGRD ===
 8:58:32 (lmgrd) (@lmgrd-SLOG@) Start-Date: Thu Jul 08 2021 08:58:32 UTC
 8:58:32 (lmgrd) (@lmgrd-SLOG@) PID: 61509
 8:58:32 (lmgrd) (@lmgrd-SLOG@) LMGRD Version: v11.16.4.0 build 252457 x64_lsb ( build 252457 (ipv6))
 8:58:32 (lmgrd) (@lmgrd-SLOG@) 
 8:58:32 (lmgrd) (@lmgrd-SLOG@) === Network Info ===
 8:58:32 (lmgrd) (@lmgrd-SLOG@) Listening port: 27020
 8:58:32 (lmgrd) (@lmgrd-SLOG@) 
 8:58:32 (lmgrd) (@lmgrd-SLOG@) === Startup Info ===
 8:58:32 (lmgrd) (@lmgrd-SLOG@) Server Configuration: Single Server
 8:58:32 (lmgrd) (@lmgrd-SLOG@) Command-line options used at LS startup: -c ./admin/license/Jul21.lic -l ./admin/logs/Jul21_4.log 
 8:58:32 (lmgrd) (@lmgrd-SLOG@) License file(s) used:  ./admin/license/Jul21.lic
 8:58:32 (lmgrd) (@lmgrd-SLOG@) ===============================================
 8:58:32 (lmgrd) Starting vendor daemons ... 
 8:58:32 (lmgrd) Started snpslmd (internet tcp_port 48201 pid 61719)
 8:58:32 (snpslmd) FlexNet Licensing version v11.16.4.0 build 252457 x64_lsb
07/08/2021 08:58:32 (snpslmd) INFO: Pooling on VENDOR_STRING is Disabled (to enable, set SCL_POOL_VS=1)
07/08/2021 08:58:32 (snpslmd) Synopsys Corporate Licensing (SCL) Release: version SCL_2021.03_SP1
07/08/2021 08:58:32 (snpslmd) INFO: License sanity check enabled (3600)
07/08/2021 08:58:32 (snpslmd) INFO: File descriptor limit (soft, hard) for snpslmd: 1024, 262144
07/08/2021 08:58:32 (snpslmd) INFO: TCP - tcp_keepalive_time - 7200 | tcp_keepalive_intvl - 75 | tcp_keepalive_probes - 9 | tcp_fin_timeout - 60 | net.ipv4.tcp_max_syn_backlog=512 | net.core.somaxconn=128

07/08/2021 08:58:32 (snpslmd) INFO: Cloud detection enabled. 1
 8:58:32 (snpslmd) SLOG: Summary LOG statistics is enabled.
 8:58:32 (snpslmd) SLOG: FNPLS-INTERNAL-CKPT1
 8:58:32 (snpslmd) SLOG: VM Status: 4
 8:58:32 (snpslmd) SLOG: FNPLS-INTERNAL-CKPT5
 8:58:32 (snpslmd) SLOG: TPM Status: 0
 8:58:32 (snpslmd) SLOG: FNPLS-INTERNAL-CKPT6
 8:58:32 (snpslmd) Invalid license key (inconsistent authentication code)
 8:58:32 (snpslmd) 	==>INCREMENT SSST snpslmd 1.0 11-oct-2021 1 BF02FC172BF069B4291F \
	VENDOR_STRING="06ce8 1500a 39fe2 21ea6 3c1d2 9dfde 3f1ea 63c1d \
	29dfd e3f11 01020 01668 500f6 1fe26 8f155 d8c9b a046a 480e3 \
	e1da9 02830 d3c26 8b439 cd32b 657ce b8120 19b4e ccb50 fe0be \
	2ed7d 626c7 b2b99 eac16 43b45 28580 d974f 46b4c 2b2c9 3bd1f \
	6f96b 4b879 12ce9 b3510 783bd 06b74 2ced4 a95f9 fc3bd 02965 \
	623bd 911a8 fc493 6d5a3 40ef0 9b15b ec3ae ee108 a4b03 9010d \
	6af49 17a94 85046 0e692 3fa6e 921c5 e3f52 b4f2a 72b80 7590e \
	43a36 661a4 03fad 83d25 45200 62bff 0abf7 8c776 4ad31 45190 \
	a1e28 ce3b0 bb58f 7fded 3782c 4e70f 67236 7232f 73bc4 78395 \
	441f9 5400a b07bb 74540 9713e 6fc74 2eceb 55b54 ff27a ff82a \
	10cd5 94106 11116 5371d e75d0 f5e3c 23347 9812b dfb38 b7ccc \
	bc53f 672e7 cfad6 358b5 72d67 e31" ISSUER="Synopsys, Inc. \
	[7/7/2021 18:23:18 48259 6.5.4 324196] [TOKEN=131069c 513932a \
	d584762 743d2ee ba31f13 8a44c93 13c8d63 f929517 d80bbe1 \
	ffc9cf3 2768d25 ec88556 277191f d742266 0a29a1b efae09a \
	25bba32 3872e54 4e60]" NOTICE="Licensed to Quasistatics Inc. \
	[DO NOT DELETE/MODIFY SSST OR ANY OTHER KEYS IN THIS FILE]" \
	SN=TK:0:0:549352 START=07-Jul-2021 SIGN="08B9 6602 EE53 19F1 \
	97CA 656C AB45 00AE D102 4552 9F34 426A 9EFB 2572 F14C 0D56 \
	546B 3AB6 EB17 6288 E500 713E DA25 8AC8 FEA5 DAAC 951A 053A \
	4660 0615"
 8:58:32 (snpslmd) Invalid license key (inconsistent authentication code)
 8:58:32 (snpslmd) 	==>INCREMENT ACS snpslmd 2021.06 11-oct-2021 3 ISSUED=07-jul-2021 ck=13 \
	SN=TK:E062-0:585122:549352 START=07-jul-2021 AUTH={ snpslmd=( \
	LK=4FB2FC67791434CAA020 SIGN="1FEB 5A9F 9915 E7E4 4ABC C500 \
	0B47 4975 BFF0 6E0F 8BBF B00E 1122 9F8F 2DBC 0E84 32EE C3EC \
	5BD1 A366 9709 BEEA 3999 3B18 7016 AB15 DB61 2338 9787 3767") \
	}
 8:58:32 (snpslmd) Invalid license key (inconsistent authentication code)
 8:58:32 (snpslmd) 	==>INCREMENT BOA-BRT snpslmd 2021.06 11-oct-2021 3 ISSUED=07-jul-2021 \
	ck=243 SN=TK:E062-0:585122:549352 START=07-jul-2021 AUTH={ \
	snpslmd=( LK=6FC28C67F127353E1574 SIGN="0274 B0B0 351A 4CA0 \
	FD25 02F9 3E7F F2E7 3D40 4259 3657 A7E3 8F3D E6C5 34D8 1497 \
	88E8 D454 AB72 1856 8B11 1FE2 DCC1 6E6D EE27 5408 84BC A138 \
	AE67 30D2") }
 8:58:32 (snpslmd) Invalid license key (inconsistent authentication code)
 8:58:32 (snpslmd) 	==>INCREMENT DC-Expert snpslmd 2021.06 11-oct-2021 3 ISSUED=07-jul-2021 \
	ck=15 SN=TK:E062-0:585122:549352 START=07-jul-2021 AUTH={ \
	snpslmd=( LK=CF423C57665E51FBFBDA SIGN="0C89 6F07 BD27 BEE6 \
	9402 0EE0 E414 7F36 724A 4358 CA95 34EF BBBA B03B A6D1 0914 \
	7367 60AF 1A25 090D F63B 97AA 7B56 1231 61A8 684A DE50 9EE4 \
	34D3 6592") }
 8:58:32 (snpslmd) Invalid license key (inconsistent authentication code)
 8:58:32 (snpslmd) 	==>INCREMENT DC-Extension snpslmd 2021.06 11-oct-2021 3 \
	ISSUED=07-jul-2021 ck=56 SN=TK:E062-0:585122:549352 \
	START=07-jul-2021 AUTH={ snpslmd=( LK=CF224CA7D52349FC6D75 \
	SIGN="0DFC 5E9D 00B6 508B 0F34 9533 9B10 4317 904B 5D47 6EB1 \
	B2A8 D71B 4D0C A6DA 026A 09E7 9947 8DC1 3B69 F5D6 0415 7522 \
	9EFD 29A8 8D20 FD52 3C76 7541 9918") }
 8:58:32 (snpslmd) Invalid license key (inconsistent authentication code)
 8:58:32 (snpslmd) 	==>INCREMENT DC-SDF-Interface snpslmd 2021.06 11-oct-2021 3 \
	ISSUED=07-jul-2021 ck=238 SN=TK:E062-0:585122:549352 \
	START=07-jul-2021 AUTH={ snpslmd=( LK=1F123C571710D88AD367 \
	SIGN="0D96 3805 8BC4 9FDA 853C 6BB0 181A 4E5E 758B 44E3 8BDD \
	1BAD A002 331D 70F6 1689 7C3C 32D8 5446 4865 6E35 E6A7 ABE6 \
	6F40 7782 EF27 375D 36A3 6FB2 2BB5") }
 8:58:32 (snpslmd) Invalid license key (inconsistent authentication code)
 8:58:32 (snpslmd) 	==>INCREMENT DC-Ultra-Features snpslmd 2021.06 11-oct-2021 3 \
	ISSUED=07-jul-2021 ck=31 SN=TK:E062-0:585122:549352 \
	START=07-jul-2021 AUTH={ snpslmd=( LK=FF028CE72B3F96B58F3D \
	SIGN="1DDA DD37 B244 BA27 73D1 7B15 0B0B BDCF 1961 F8C2 1523 \
	0928 F762 A6E1 5A71 1630 5C7C 94A0 F4DB FB42 DD76 C042 44F9 \
	96D2 14BF 1ABB B655 C758 5923 D65A") }
 8:58:32 (snpslmd) Invalid license key (inconsistent authentication code)
 8:58:32 (snpslmd) 	==>INCREMENT DC-Ultra-Opt snpslmd 2021.06 11-oct-2021 3 \
	ISSUED=07-jul-2021 ck=16 SN=TK:E062-0:585122:549352 \
	START=07-jul-2021 AUTH={ snpslmd=( LK=0F320CD78F7F6F42706F \
	SIGN="1C18 ACB5 5E82 F9DD 408E B955 F962 EA3D 54C7 BFA2 5A40 \
	ECD6 4D68 1E4E D2C7 0FB5 8792 D5DE 4061 5C9B 22A9 8D3F AE16 \
	1402 BA70 5E87 BDB5 A0EE 633C 1E95") }
 8:58:32 (snpslmd) Invalid license key (inconsistent authentication code)
 8:58:32 (snpslmd) 	==>INCREMENT Design-Budgeting snpslmd 2021.06 11-oct-2021 3 \
	ISSUED=07-jul-2021 ck=26 SN=TK:E062-0:585122:549352 \
	START=07-jul-2021 AUTH={ snpslmd=( LK=6F125CD7CA3E8E383432 \
	SIGN="11DC 8938 6D2C 4BD8 F2D7 1836 043C 2BF3 DC95 F2CA 93B4 \
	09C6 C676 7F32 5A23 1C72 421A ABAE 39F5 B092 D84B 564E C2CC \
	2837 8B8B F3A8 801D EA24 B2FC 1120") }
 8:58:32 (snpslmd) Invalid license key (inconsistent authentication code)
 8:58:32 (snpslmd) 	==>INCREMENT Design-Compiler snpslmd 2021.06 11-oct-2021 3 \
	ISSUED=07-jul-2021 ck=5 SN=TK:E062-0:585122:549352 \
	START=07-jul-2021 AUTH={ snpslmd=( LK=EF629C672B2F4E3761A8 \
	SIGN="170E 53AB E20E 3C87 E563 3558 8947 98D5 A3AF FCCA CC23 \
	B0AF 3B8D A1C6 FCC5 0515 D384 7560 0479 368C 00B6 4315 2762 \
	E626 AD7A 3271 F1E5 5E12 15F5 DFD8") }
 8:58:32 (snpslmd) Invalid license key (inconsistent authentication code)
 8:58:32 (snpslmd) 	==>INCREMENT Design-Compiler-NXT snpslmd 2021.06 11-oct-2021 3 \
	ISSUED=07-jul-2021 ck=137 SN=TK:E062-0:585122:549352 \
	START=07-jul-2021 AUTH={ snpslmd=( LK=EFE2BCB70B8E1AEF247A \
	SIGN="0B25 2DDF E9CA A7F5 26EF 7BA6 BCA3 2A6D 0ECE 19C2 3B3C \
	599D 79A9 A688 28F8 029A 7725 771E F878 8696 CA90 016A 7B9D \
	28D8 30D4 BFB0 53DF 3C2F 1E39 1FA8") }
 8:58:32 (snpslmd) Invalid license key (inconsistent authentication code)
 8:58:32 (snpslmd) 	==>INCREMENT Design-Vision snpslmd 2021.06 11-oct-2021 3 \
	ISSUED=07-jul-2021 ck=14 SN=TK:3160-0:585122:549352 \
	START=07-jul-2021 AUTH={ snpslmd=( LK=3F62DCF7E6415111A849 \
	SIGN="025D AA72 97E2 4DF4 647F 4E46 F2A5 A5D1 6D44 A1BD 0710 \
	E857 0538 A0BD ED50 1FD7 D7BB A224 C5C6 7CA3 296A 6949 2BE4 \
	1718 AC33 D7EB DA68 A0D3 15D8 D76A") }
 8:58:32 (snpslmd) Invalid license key (inconsistent authentication code)
 8:58:32 (snpslmd) 	==>INCREMENT DesignWare snpslmd 2021.06 11-oct-2021 3 ISSUED=07-jul-2021 \
	ck=23 SN=TK:2925-0:585122:549352 START=07-jul-2021 AUTH={ \
	snpslmd=( LK=1F521C07440FD7C3BC16 SIGN="0942 C4DA FFF7 5125 \
	C462 AF4A 8E2C 5F64 3133 02DE 199D 8F7D AE3E 4C62 BC13 179F \
	4721 E60C 2F25 AECF 405B 318C AC96 8A2C 5A41 3320 7C33 2697 \
	0B49 E108") }
 8:58:32 (snpslmd) Invalid license key (inconsistent authentication code)
 8:58:32 (snpslmd) 	==>INCREMENT DesignWare-LP snpslmd 2021.06 11-oct-2021 3 \
	ISSUED=07-jul-2021 ck=19 SN=TK:2925-0:585122:549352 \
	START=07-jul-2021 AUTH={ snpslmd=( LK=EF92BC57372177D1FA7B \
	SIGN="0A26 9341 E574 DF8F 248B 990B F7C3 CF1B 6F25 5E0A 013E \
	0ED4 3F76 D93B A9B1 1039 07D4 F182 6EE8 76B4 0BE3 0F5C 690E \
	71D2 4374 2167 932E 7988 3A54 5DAC") }
 8:58:32 (snpslmd) Invalid license key (inconsistent authentication code)
 8:58:32 (snpslmd) 	==>INCREMENT DesignWare-VERA snpslmd 2021.06 11-oct-2021 3 \
	ISSUED=07-jul-2021 ck=128 SN=TK:2925-0:585122:549352 \
	START=07-jul-2021 AUTH={ snpslmd=( LK=8F626C67E91BCCECC6AF \
	SIGN="11B1 2E2F 3567 9DDD D8A8 5734 662A 397F 51E8 ADC2 5960 \
	C0E1 39FA 28D6 11C7 19E5 7AAC 8A4E 0F82 BB00 3F7D FA0A 51AE \
	8B38 CF9F 8730 5557 172A EA39 6979") }
 8:58:32 (snpslmd) Invalid license key (inconsistent authentication code)
 8:58:32 (snpslmd) 	==>INCREMENT Designware-Basic snpslmd 2021.06 11-oct-2021 3 \
	ISSUED=07-jul-2021 ck=72 SN=TK:E062-0:585122:549352 \
	START=07-jul-2021 AUTH={ snpslmd=( LK=DF020CB74B3FE4F8AA6F \
	SIGN="1B52 57D6 4A31 7C1F 551B 0C8B DEEB 8969 230B 876A C7A6 \
	130C 1206 DE4E B99B 1A4A 4C2B 00E6 8DEE 67DD 4205 CCE7 5084 \
	4E18 5E0D 5D69 19E4 B645 85B0 BBAA") }
 8:58:32 (snpslmd) Invalid license key (inconsistent authentication code)
 8:58:32 (snpslmd) 	==>INCREMENT FAS-COSIM snpslmd 2020.12 11-oct-2021 3 ISSUED=07-jul-2021 \
	ck=61 SN=TK:F956-0:585122:549352 START=07-jul-2021 AUTH={ \
	snpslmd=( LK=6FC2AC078A27BC4636BB SIGN="091E 1861 E073 384F \
	2EEB 0B29 5F3D 4ABA 2D8C 2058 D42C 8122 FEDF F9D6 166C 073D \
	BCE2 41FA CAE7 7D3C EEEA 0D46 B8D7 D882 E24B 44F4 D800 039F \
	AB0A A403") }
 8:58:32 (snpslmd) Invalid license key (inconsistent authentication code)
 8:58:32 (snpslmd) 	==>INCREMENT FSPRO2XSIM snpslmd 2020.12 11-oct-2021 3 ISSUED=07-jul-2021 \
	ck=220 SN=TK:4944-0:585122:549352 START=07-jul-2021 AUTH={ \
	snpslmd=( LK=1F62DC07174F3978A63C SIGN="1FBD 638B 13A6 C19C \
	FE18 0856 E4B4 20CF 48DE 9C84 C4DA 1A8F 0D34 8735 F29F 1242 \
	96D8 EFB9 4C45 F977 7231 D071 9275 8B0D A295 0AEF 2D5E 8462 \
	404A 786E") }
 8:58:32 (snpslmd) Invalid license key (inconsistent authentication code)
 8:58:32 (snpslmd) 	==>INCREMENT Formality snpslmd 2021.06 11-oct-2021 3 ISSUED=07-jul-2021 \
	ck=88 SN=TK:2593-0:585122:549352 START=07-jul-2021 AUTH={ \
	snpslmd=( LK=3FF2DC777A79D1067E48 SIGN="0BA1 224F 768F AAC7 \
	1116 FB97 5E96 61FA 21C8 5C0F 7B34 486D 1C2E 22A8 8984 178D \
	F571 C265 D948 FC44 F925 AE70 64BA 46D2 477D 249B EA9C DF37 \
	FF2B AA5A") }
 8:58:32 (snpslmd) Invalid license key (inconsistent authentication code)
 8:58:32 (snpslmd) 	==>INCREMENT Formality-Advanced snpslmd 2021.06 11-oct-2021 3 \
	ISSUED=07-jul-2021 ck=82 SN=TK:2593-0:585122:549352 \
	START=07-jul-2021 AUTH={ snpslmd=( LK=1F326C473F6CD54EF050 \
	SIGN="0F8A CAE1 4B2F 2CD5 AFFA B73B CCC4 AABE 9D42 E1D0 757D \
	4B62 6E1B BA1B 5724 1F5E 36A5 F30A 1D6A 3B38 0BEC C67C F3F7 \
	73C3 8F3F 5F88 4832 E018 67C8 7ADD") }
 8:58:32 (snpslmd) Invalid license key (inconsistent authentication code)
 8:58:32 (snpslmd) 	==>INCREMENT Formality-E1 snpslmd 2021.06 11-oct-2021 3 \
	ISSUED=07-jul-2021 ck=20 SN=TK:2593-0:585122:549352 \
	START=07-jul-2021 AUTH={ snpslmd=( LK=4FA21C970BC573B0945B \
	SIGN="1CF2 1818 41D8 6F6B E877 9D80 BDF2 D46E 24CE 24AD 8640 \
	876C 2A99 BB9F 879F 0CB3 EA28 2B71 1D09 D631 B267 BE16 9C2B \
	4B7B 8679 CF01 D206 C3A1 6CD8 3C50") }
 8:58:32 (snpslmd) Invalid license key (inconsistent authentication code)
 8:58:32 (snpslmd) 	==>INCREMENT Formality-Ultra snpslmd 2021.06 11-oct-2021 3 \
	ISSUED=07-jul-2021 ck=90 SN=TK:2593-0:585122:549352 \
	START=07-jul-2021 AUTH={ snpslmd=( LK=AFF2CC37E1CC796394ED \
	SIGN="15F6 ACDD 67D2 44D9 507B B9EF 744E A0C6 24EC D92A 0595 \
	B0FF 14F2 E667 771A 0ADC 0E2C FA5A FA24 C2C7 A37B 1257 3C0D \
	1730 E873 B764 4CF7 3F2A 7235 7961") }
 8:58:32 (snpslmd) Invalid license key (inconsistent authentication code)
 8:58:32 (snpslmd) 	==>INCREMENT Galaxy-Common snpslmd 2021.06 11-oct-2021 3 \
	ISSUED=07-jul-2021 ck=23 SN=TK:E062-0:585122:549352 \
	START=07-jul-2021 AUTH={ snpslmd=( LK=DFC2CCA72C07D4051445 \
	SIGN="1DEE C544 A328 8AD8 C277 B875 ACF3 5125 CD06 7E05 E6E0 \
	535E 0450 375C 1C5A 0646 6A5E B4B8 4DF5 C560 9D4A EAA3 1A01 \
	D212 B2E8 2047 3EC1 451D 0B2A 5259") }
 8:58:32 (snpslmd) Invalid license key (inconsistent authentication code)
 8:58:32 (snpslmd) 	==>INCREMENT GalaxyConstraint snpslmd 2021.06 11-oct-2021 3 \
	ISSUED=07-jul-2021 ck=66 SN=TK:3222-0:585122:549352 \
	START=07-jul-2021 AUTH={ snpslmd=( LK=0FC2CCE71BE39DC8549E \
	SIGN="00B7 C36A F4E1 973D 92E3 71A9 FF80 F423 F266 13D6 D941 \
	7C65 3A7E 1C10 8705 0723 BFC9 3643 FAC1 B5CF A730 8B31 D732 \
	5026 62A9 C2CF B86A CE13 3125 3DA7") }
 8:58:32 (snpslmd) Invalid license key (inconsistent authentication code)
 8:58:32 (snpslmd) 	==>INCREMENT HDL snpslmd 2021.06 11-oct-2021 3 ISSUED=07-jul-2021 ck=88 \
	SN=TK:2671-0:585122:549352 START=07-jul-2021 AUTH={ snpslmd=( \
	LK=EF521CE7433BFD68F2C2 SIGN="160D D44B 63CF FAAF 9E9F 39D1 \
	3B68 82B5 458C 2800 C0AD AFD0 9BB1 6CAE 7185 0D60 9D47 3DDE \
	AB8B 1A4D A5F4 6BC0 664B C850 B9CE 53EC 1DEC 9501 94EC 9D09") \
	}
 8:58:32 (snpslmd) Invalid license key (inconsistent authentication code)
 8:58:32 (snpslmd) 	==>INCREMENT HDL-Compiler snpslmd 2021.06 11-oct-2021 3 \
	ISSUED=07-jul-2021 ck=60 SN=TK:2671-0:585122:549352 \
	START=07-jul-2021 AUTH={ snpslmd=( LK=AFD21C67E5AEB9B1B0C0 \
	SIGN="192A 2CF7 F71E 9360 70A3 4AA6 0203 2115 74DE F277 DD7B \
	E037 0615 735A B1B6 0697 825E C188 4AF3 4279 A25F 9FB5 C92D \
	2C5B 1101 C789 6A36 4957 28E8 FF3F") }
 8:58:32 (snpslmd) Invalid license key (inconsistent authentication code)
 8:58:32 (snpslmd) 	==>INCREMENT ICCompilerII snpslmd 2021.06 11-oct-2021 3 \
	ISSUED=07-jul-2021 ck=65 SN=TK:A575-0:585122:549352 \
	START=07-jul-2021 AUTH={ snpslmd=( LK=5FA29CD714E55192FBFB \
	SIGN="0A90 802B AC21 9A2F 42BA E7D1 DFFC 17CA DC64 B4B1 7821 \
	D37C C002 4936 E100 06D7 4245 A69D A04C 1A40 3F9B 014C 50BB \
	550D 8EB1 A11F E72A D9DB D741 7713") }
 8:58:32 (snpslmd) Invalid license key (inconsistent authentication code)
 8:58:32 (snpslmd) 	==>INCREMENT ICCompilerII-4 snpslmd 2021.06 11-oct-2021 3 \
	ISSUED=07-jul-2021 ck=5 SN=TK:A575-0:585122:549352 \
	START=07-jul-2021 AUTH={ snpslmd=( LK=3F129CF737897E721EB8 \
	SIGN="0689 B5EF 590B FA1F E691 D0FD 8542 7A54 95B1 682E 720D \
	879A 1E85 D5BE A047 0741 C58F 4B19 E062 7F30 F511 E2E6 0A4F \
	611A FAE7 8398 4A02 881F 41EC 2D93") }
 8:58:32 (snpslmd) Invalid license key (inconsistent authentication code)
 8:58:32 (snpslmd) 	==>INCREMENT ICCompilerIIs-Shell snpslmd 2021.06 11-oct-2021 3 \
	ISSUED=07-jul-2021 ck=101 SN=TK:A575-0:585122:549352 \
	START=07-jul-2021 AUTH={ snpslmd=( LK=3FF24CE7184A0B63ED96 \
	SIGN="084F 15D4 32C1 E812 C0A9 F23E 4227 AAEC 73BC 7C56 D055 \
	5A26 CCB0 4659 916F 0869 7C30 5EFC 7A37 2A99 DCC3 7598 13D6 \
	BEAA DCE4 FA91 DB4F 8C1A 57E8 BE76") }
 8:58:32 (snpslmd) Invalid license key (inconsistent authentication code)
 8:58:32 (snpslmd) 	==>INCREMENT ICValidator-Live snpslmd 2021.06 11-oct-2021 12 \
	ISSUED=07-jul-2021 ck=48 SN=TK:D211-0:585122:549352 \
	START=07-jul-2021 AUTH={ snpslmd=( LK=DFC22C77918FB3439ECA \
	SIGN="0EB7 E4EC F1E4 158F C810 8D20 C20E 439F 9BEE 8975 336D \
	AE65 1F58 0538 D626 1236 2444 B08B 3D25 5ECE 7F61 10DF 896C \
	6B61 AC1C 3EEA 1ABF 3354 19C1 7161") }
 8:58:32 (snpslmd) Invalid license key (inconsistent authentication code)
 8:58:32 (snpslmd) 	==>INCREMENT ICValidator-Manager snpslmd 2021.06 11-oct-2021 3 \
	ISSUED=07-jul-2021 ck=20 SN=TK:D211-0:585122:549352 \
	START=07-jul-2021 AUTH={ snpslmd=( LK=9FA2BC775766AC9AC49F \
	SIGN="08A0 3CE9 1CB8 1FB9 E9AD B2BA AD41 27CE 0989 8A89 FDA5 \
	D051 C8C6 334F 8590 195A 2515 5C82 2655 D0A9 8097 C999 4D1C \
	06AA 0004 8B94 0502 1CCC 3FFF BC9C") }
 8:58:32 (snpslmd) Invalid license key (inconsistent authentication code)
 8:58:32 (snpslmd) 	==>INCREMENT ICValidator-Workbench snpslmd 2021.06 11-oct-2021 3 \
	ISSUED=07-jul-2021 ck=250 SN=TK:F511-0:585122:549352 \
	START=07-jul-2021 AUTH={ snpslmd=( LK=9F82AC27216302E8143C \
	SIGN="1C0D BE2A 665C 6D96 9D8D 1E9D 7182 08B0 EBE8 DE71 EE67 \
	D9F2 3CFD B3CA DA67 0D46 7ABF B8FF B254 1B9B 2DF9 DC0C 2663 \
	192B A2DB DDFC B12F 8C30 2A2B 1764") }
 8:58:32 (snpslmd) Invalid license key (inconsistent authentication code)
 8:58:32 (snpslmd) 	==>INCREMENT ICValidator2-CompareEngine snpslmd 2021.06 11-oct-2021 3 \
	ISSUED=07-jul-2021 ck=12 SN=TK:D211-0:585122:549352 \
	START=07-jul-2021 AUTH={ snpslmd=( LK=2F32EC174C9840D5591D \
	SIGN="10AC 4960 A9B9 4C2C B2D1 BD3F EBFE 1EF8 B301 5130 E078 \
	667E 340F 3B39 6382 184C 640F 9208 4DE2 0C02 DF17 F86F 0F90 \
	6CAA 6F39 48CD 0449 AC2A 8BFD E90B") }
 8:58:32 (snpslmd) Invalid license key (inconsistent authentication code)
 8:58:32 (snpslmd) 	==>INCREMENT ICValidator2-GeometryEngine snpslmd 2021.06 11-oct-2021 45 \
	ISSUED=07-jul-2021 ck=65 SN=TK:D211-0:585122:549352 \
	START=07-jul-2021 AUTH={ snpslmd=( LK=8FA26C9764874F3546C3 \
	SIGN="19F0 94A5 AF74 849E 24B2 B3AD CEE2 1C27 E22A 22BA C30E \
	1EE1 E38F 8D3F CC6E 14D1 541D F084 FD80 6F0B 02AF E6E9 891C \
	818D 43C6 0856 BF96 3586 AA95 0D1E") }
 8:58:32 (snpslmd) Invalid license key (inconsistent authentication code)
 8:58:32 (snpslmd) 	==>INCREMENT Library-Compiler snpslmd 2021.06 11-oct-2021 3 \
	ISSUED=07-jul-2021 ck=0 SN=TK:2673-0:585122:549352 \
	START=07-jul-2021 AUTH={ snpslmd=( LK=CF527C47145FA1A60AC6 \
	SIGN="1F01 C7A8 36BD ABE3 7ECF F6F5 5686 DE7A A006 EEE5 14DD \
	178E 6274 5719 C672 0EC1 0911 439A 0B40 4B98 2AD7 3FB2 4797 \
	9EBD 4909 8CD6 FDC8 509C C33B 3E86") }
 8:58:32 (snpslmd) Invalid license key (inconsistent authentication code)
 8:58:32 (snpslmd) 	==>INCREMENT MCE-Base snpslmd 2021.06 11-oct-2021 3 ISSUED=07-jul-2021 \
	ck=48 SN=TK:E062-0:585122:549352 START=07-jul-2021 AUTH={ \
	snpslmd=( LK=AF124C278C25DFC43F38 SIGN="0734 3E30 ACA2 9602 \
	96B8 EE47 1D15 8D64 AE7F 568F E3E3 24F3 DC0A 1406 D064 0E16 \
	A46E 9B29 6B16 6E20 FC86 80FC 89B8 B720 72D5 E437 D910 9C3A \
	EAAD DCF3") }
 8:58:32 (snpslmd) Invalid license key (inconsistent authentication code)
 8:58:32 (snpslmd) 	==>INCREMENT MDataPrep snpslmd 2021.06 11-oct-2021 3 ISSUED=07-jul-2021 \
	ck=210 SN=TK:7584-0:585122:549352 START=07-jul-2021 AUTH={ \
	snpslmd=( LK=1F12FC17472E220034CB SIGN="086D 40F0 9804 D4B4 \
	BE3D 4B23 D67C FFE2 F2E1 6781 E3AC DA4C 6824 C2B2 29BC 0BEB \
	6078 2890 0B81 6DD0 8498 1A35 F72C A0BB 86D8 579A 0417 F17A \
	1886 DE62") }
 8:58:32 (snpslmd) Invalid license key (inconsistent authentication code)
 8:58:32 (snpslmd) 	==>INCREMENT MDynLink snpslmd 2021.06 11-oct-2021 3 ISSUED=07-jul-2021 \
	ck=95 SN=TK:7584-0:585122:549352 START=07-jul-2021 AUTH={ \
	snpslmd=( LK=EF82ECC71FAB8663DE4C SIGN="17EF 2CB0 70ED 8432 \
	B2BF 90DA D8EA 34B6 EC21 988C 8EDE F6EE 42FC 4621 B04F 0C6A \
	1CA0 ADC5 9312 8D6B D457 6C7E 0054 14A8 17CB 6EC4 48BA 2D07 \
	61CE C980") }
 8:58:32 (snpslmd) Invalid license key (inconsistent authentication code)
 8:58:32 (snpslmd) 	==>INCREMENT Milkyway snpslmd 2021.06 11-oct-2021 3 ISSUED=07-jul-2021 \
	ck=86 SN=TK:7584-0:585122:549352 START=07-jul-2021 AUTH={ \
	snpslmd=( LK=4F827CC76BE6BAF7800F SIGN="0F23 19C9 410F A5FA \
	FC6F 0C75 E178 60D8 C511 40AA E603 7C7C EF0D 1A5D 5999 19C3 \
	6D9F EFDD 0902 7B2E 45EB F083 E0A1 496E 02A5 B54D 06B7 4508 \
	9F86 4281") }
 8:58:32 (snpslmd) Invalid license key (inconsistent authentication code)
 8:58:32 (snpslmd) 	==>INCREMENT Milkyway-Interface snpslmd 2021.06 11-oct-2021 6 \
	ISSUED=07-jul-2021 ck=216 SN=TK:E062-0:585122:549352 \
	START=07-jul-2021 AUTH={ snpslmd=( LK=6F425CE70329705FE108 \
	SIGN="0E95 59E5 C7E8 A4A3 E3C7 7EC6 971F 0485 A7F9 32F4 A30D \
	610A 88C2 2903 59B4 19D5 CDC1 0DD1 4D2D 0E7A 9991 65DF E3D7 \
	8BDF 852F 94B3 9BB0 327B 1074 8D71") }
 8:58:32 (snpslmd) Invalid license key (inconsistent authentication code)
 8:58:32 (snpslmd) 	==>INCREMENT Milkyway-Interface snpslmd 2021.06 11-oct-2021 3 \
	ISSUED=07-jul-2021 ck=44 SN=TK:3222-0:585122:549352 \
	START=07-jul-2021 AUTH={ snpslmd=( LK=9F92FC574B78B7CE75F0 \
	SIGN="0098 92A6 34EE CC2B BAB9 A5A6 CBE5 506B B1F9 72CF 01F3 \
	13B1 9E91 5670 BB30 170C 68B0 F3A4 3C42 A269 5DFD 524A 5998 \
	4B01 3B3A 5EFF A0D7 AF18 3885 628C") }
 8:58:32 (snpslmd) Invalid license key (inconsistent authentication code)
 8:58:32 (snpslmd) 	==>INCREMENT Milkyway-Interface snpslmd 2021.06 11-oct-2021 3 \
	ISSUED=07-jul-2021 ck=100 SN=TK:2593-0:585122:549352 \
	START=07-jul-2021 AUTH={ snpslmd=( LK=5FC2FC6703DB8CEAEE0E \
	SIGN="0FE3 ECD2 F5F0 80D9 CFF2 E01E 9E7A 411C C379 A435 535D \
	BC8B C460 4EA6 BF3E 1E13 818C C496 4797 A7DB 1A59 7F87 77B6 \
	2C99 098A 6702 0179 4D15 3151 4D7F") }
 8:58:32 (snpslmd) Invalid license key (inconsistent authentication code)
 8:58:32 (snpslmd) 	==>INCREMENT Power-Optimization snpslmd 2021.06 11-oct-2021 3 \
	ISSUED=07-jul-2021 ck=65 SN=TK:2678-0:585122:549352 \
	START=07-jul-2021 AUTH={ snpslmd=( LK=4FC2EC97FE4037F927CD \
	SIGN="173C 3A33 2D10 C4A6 DA7E D68B 8320 F1B7 1465 46EB 3F7D \
	DC77 5A5A FE09 1DA0 01B5 DA6B BA11 6CD9 AA42 912F F1E4 4025 \
	1765 10E4 7040 7F3C A6C7 5EBA E921") }
 8:58:32 (snpslmd) Invalid license key (inconsistent authentication code)
 8:58:32 (snpslmd) 	==>INCREMENT PrimePower snpslmd 2021.06 11-oct-2021 3 ISSUED=07-jul-2021 \
	ck=132 SN=TK:D359-0:585122:549352 START=07-jul-2021 AUTH={ \
	snpslmd=( LK=FFD2FC67D7A9BF97D9E0 SIGN="0BE7 9E86 F199 6B1B \
	8E71 0047 456B D8E2 51BF DD14 7CC8 6274 E49B C1DE 8832 1D26 \
	B75B 8557 47A0 375D 8C81 2FCF B880 E488 7B4F FC16 08D3 DE9A \
	B79A A2F9") }
 8:58:32 (snpslmd) Invalid license key (inconsistent authentication code)
 8:58:32 (snpslmd) 	==>INCREMENT PrimeTime snpslmd 2021.06 11-oct-2021 3 ISSUED=07-jul-2021 \
	ck=81 SN=TK:3222-0:585122:549352 START=07-jul-2021 AUTH={ \
	snpslmd=( LK=FFE22C5747B61569EBA3 SIGN="17C1 FCF4 CE02 75DC \
	51DE BC0E 6C85 1028 3725 C562 D93E 9A82 E6D1 2249 F78C 121A \
	9CCE FCD0 76CC 1F4E 8F89 52B5 B7DF 1811 A4D0 C894 8C19 E76E \
	596F A840") }
 8:58:32 (snpslmd) Invalid license key (inconsistent authentication code)
 8:58:32 (snpslmd) 	==>INCREMENT PrimeTime-SI snpslmd 2021.06 11-oct-2021 3 \
	ISSUED=07-jul-2021 ck=77 SN=TK:3222-0:585122:549352 \
	START=07-jul-2021 AUTH={ snpslmd=( LK=4F02AC07BA7C4C3DC297 \
	SIGN="0DFE 8EED 3077 F2EE DE6C 4FCA 5474 811C 071D 582C 020B \
	C7AC 3872 8219 48D9 1165 1C75 B45F C596 7086 1FE6 3148 973C \
	A9D0 C80C 0EB8 DC22 9CE7 2A69 2A04") }
 8:58:32 (snpslmd) Invalid license key (inconsistent authentication code)
 8:58:32 (snpslmd) 	==>INCREMENT RTL-Power-Analysis snpslmd 2021.06 11-oct-2021 3 \
	ISSUED=07-jul-2021 ck=58 SN=TK:2678-0:585122:549352 \
	START=07-jul-2021 AUTH={ snpslmd=( LK=8FA27C179CE2B9EF0E51 \
	SIGN="0F9A 72F6 C3BC D845 4700 66D1 FAF4 B6BF 58FC 2027 836F \
	F0EE DDC9 FBFB 5BF9 1612 91D1 7CB6 6779 069E 75FA E279 7713 \
	B08B 1AD1 3252 89D5 BCE5 06E9 1F4C") }
 8:58:32 (snpslmd) Invalid license key (inconsistent authentication code)
 8:58:32 (snpslmd) 	==>INCREMENT STAR-RC2-NETLIST snpslmd 2021.06 11-oct-2021 3 \
	ISSUED=07-jul-2021 ck=92 SN=TK:7584-0:585122:549352 \
	START=07-jul-2021 AUTH={ snpslmd=( LK=DFB2BCA79528A70EF2E9 \
	SIGN="14FB C614 70BD 78B5 4555 B989 63F9 821F 0BE7 E3C3 A76F \
	40ED 6BC7 CA03 9811 07D9 3C1B BD08 1EAA 4C62 454D 3579 79CD \
	B4C4 87C6 1EF4 2FDD B779 020F 732E") }
 8:58:32 (snpslmd) Invalid license key (inconsistent authentication code)
 8:58:32 (snpslmd) 	==>INCREMENT STAR-RC2-PROBER snpslmd 2021.06 11-oct-2021 3 \
	ISSUED=07-jul-2021 ck=51 SN=TK:7584-0:585122:549352 \
	START=07-jul-2021 AUTH={ snpslmd=( LK=0F123CF7A6C35144837E \
	SIGN="09BD 8BF9 0D5C 3D85 0DCB 95FF A20E E55B 5DB9 CBE6 7A8C \
	7CF2 4B0E B4AA 8C91 08BB 90DE 42E4 A66B 799E 9077 DF28 BF62 \
	A6E8 FDEF B863 80A4 5466 5333 6B36") }
 8:58:32 (snpslmd) Invalid license key (inconsistent authentication code)
 8:58:32 (snpslmd) 	==>INCREMENT STAR-RC2-TCAD snpslmd 2021.06 11-oct-2021 3 \
	ISSUED=07-jul-2021 ck=162 SN=TK:7584-0:585122:549352 \
	START=07-jul-2021 AUTH={ snpslmd=( LK=6F626C0779E9EBE6B9CC \
	SIGN="0DC1 86CE 7F9C 1201 C4DB AC30 A886 58A8 E0BB BE65 DB4D \
	D24C 7050 E9D8 C763 14B6 6602 F13C FC97 C1EF 0D26 A2C2 75AC \
	0ECD 2274 BEFB 15D9 4AEF A57A FA28") }
 8:58:32 (snpslmd) Invalid license key (inconsistent authentication code)
 8:58:32 (snpslmd) 	==>INCREMENT STAR-RC2_ULTRA_MANAGER snpslmd 2021.06 11-oct-2021 3 \
	ISSUED=07-jul-2021 ck=214 SN=TK:7584-0:585122:549352 \
	START=07-jul-2021 AUTH={ snpslmd=( LK=0F121C17A1495CA2020F \
	SIGN="06B2 98C6 C78C ACD4 BB5A B2C5 4CF6 3A40 932F C2F1 701E \
	0572 3102 7B12 73E8 1200 73C4 EA91 D612 5FB6 AB8E 8D22 9663 \
	C77C D425 694C 43A9 F968 B7AB 537C") }
 8:58:32 (snpslmd) Invalid license key (inconsistent authentication code)
 8:58:32 (snpslmd) 	==>INCREMENT SynLib-Eval snpslmd 2021.06 11-oct-2021 3 \
	ISSUED=07-jul-2021 ck=39 SN=TK:2671-0:585122:549352 \
	START=07-jul-2021 AUTH={ snpslmd=( LK=4F72BCF784F60FD08910 \
	SIGN="08AE A675 3589 2DBA EDCF 2000 270B EDBF 6CC6 7A55 5030 \
	46A1 9A62 16F9 3DBF 0DAA C91B 7F90 506B C751 3D97 FF2A 8EE2 \
	63D8 4556 DFDD 1FC1 CE42 7C49 A77C") }
 8:58:32 (snpslmd) Invalid license key (inconsistent authentication code)
 8:58:32 (snpslmd) 	==>INCREMENT SynLib-Eval snpslmd 2021.06 11-oct-2021 3 \
	ISSUED=07-jul-2021 ck=243 SN=TK:E062-0:585122:549352 \
	START=07-jul-2021 AUTH={ snpslmd=( LK=7F027C0799C346AA08A0 \
	SIGN="02F2 514F C48E 6C49 74AA 669E C7FB 38B2 E47A 1CE3 F149 \
	B0F3 0544 3216 6516 18C3 9C72 5F19 FF46 BAE2 EC99 0FA0 B942 \
	2B1D 7D61 E87F 01C4 D4F6 2EA4 164F") }
 8:58:32 (snpslmd) Invalid license key (inconsistent authentication code)
 8:58:32 (snpslmd) 	==>INCREMENT SynopsysCustomAdvancedPlus snpslmd 2020.12 11-oct-2021 3 \
	ISSUED=07-jul-2021 ck=104 SN=TK:E259-0:585122:549352 \
	START=07-jul-2021 AUTH={ snpslmd=( LK=8FD2BC37A39F1556DECB \
	SIGN="0796 9E1B 1C62 C15D 0844 0F96 0F5F C4D4 51EA EB64 1008 \
	3A60 B352 7783 C6A3 138C 8A42 5861 17C2 6483 A0F3 DF68 87CF \
	77E6 34B4 0FA6 5FF4 6E56 5563 45B8") }
 8:58:32 (snpslmd) Invalid license key (inconsistent authentication code)
 8:58:32 (snpslmd) 	==>INCREMENT SynopsysCustomSAE snpslmd 2020.12 11-oct-2021 3 \
	ISSUED=07-jul-2021 ck=234 SN=TK:4660-0:585122:549352 \
	START=07-jul-2021 AUTH={ snpslmd=( LK=AF226C97D4C376416385 \
	SIGN="1F34 454F 882A 1D90 04ED 0ACF 2FF7 C208 118E 8F41 0A5E \
	CFBA 7EF6 5AC5 5839 0004 DA86 E7A0 2B8D CEAD EC7B 2285 24C2 \
	E21A 2ED4 3999 25E4 7F58 4CDD BFAE") }
 8:58:32 (snpslmd) Invalid license key (inconsistent authentication code)
 8:58:32 (snpslmd) 	==>INCREMENT SynopsysCustomSAE snpslmd 2020.12 11-oct-2021 3 \
	ISSUED=07-jul-2021 ck=50 SN=TK:4944-0:585122:549352 \
	START=07-jul-2021 AUTH={ snpslmd=( LK=6F823C17CDAEF5F00787 \
	SIGN="08A7 3DFE 91DD DFDD A1D0 D18E 28D7 1232 449B 47B4 53B4 \
	1B71 C2FA EDA3 BCDE 09B7 C515 1520 0B2B 9A2F 9A20 C239 29BA \
	10A8 1668 2F4A DCE4 A8A8 2B76 18A9") }
 8:58:32 (snpslmd) Invalid license key (inconsistent authentication code)
 8:58:32 (snpslmd) 	==>INCREMENT Test-CTL-Model snpslmd 2021.06 11-oct-2021 3 \
	ISSUED=07-jul-2021 ck=239 SN=TK:2570-0:585122:549352 \
	START=07-jul-2021 AUTH={ snpslmd=( LK=0FD2BCE7536198332A74 \
	SIGN="1A37 E051 2719 0A93 0228 9EE1 BD71 844D 2EBD 7752 D2C8 \
	991E A21E 084A A172 0AC6 E97E 0EF1 235C A405 9B99 0D59 9E05 \
	3230 EA91 5ECE EA03 3993 5791 1B7F") }
 8:58:32 (snpslmd) Invalid license key (inconsistent authentication code)
 8:58:32 (snpslmd) 	==>INCREMENT Test-Compiler snpslmd 2021.06 11-oct-2021 3 \
	ISSUED=07-jul-2021 ck=71 SN=TK:2570-0:585122:549352 \
	START=07-jul-2021 AUTH={ snpslmd=( LK=7F42BCC701B90169CA84 \
	SIGN="1E8A EA2A 630E D29F 0AAB 166A 13F5 2DBE CAF2 D619 ACB3 \
	9AF9 0AF3 2E9D BC82 0F91 8D5D 9D84 93AB 0A1C F52E 395A EAFC \
	2C38 E278 CDDF 34C6 E399 EC62 E15B") }
 8:58:32 (snpslmd) Invalid license key (inconsistent authentication code)
 8:58:32 (snpslmd) 	==>INCREMENT Test-Core-Wrapper snpslmd 2021.06 11-oct-2021 3 \
	ISSUED=07-jul-2021 ck=23 SN=TK:2570-0:585122:549352 \
	START=07-jul-2021 AUTH={ snpslmd=( LK=3FF2BCD793A0E7B7CE45 \
	SIGN="14BC BA2B 4F71 8608 C6F3 9561 9B46 2C6E 03D1 714F DF1D \
	7D57 48EA 48C1 A6DD 0C87 120E 206E 0167 A921 8592 3908 8748 \
	B9FA 75FA AA0C D01C 0262 D96B 4AB8") }
 8:58:32 (snpslmd) Invalid license key (inconsistent authentication code)
 8:58:32 (snpslmd) 	==>INCREMENT Test-DFTC-TMAX snpslmd 2021.06 11-oct-2021 3 \
	ISSUED=07-jul-2021 ck=30 SN=TK:2570-0:585122:549352 \
	START=07-jul-2021 AUTH={ snpslmd=( LK=3FA21C07C686516FC310 \
	SIGN="142C 7BE3 65F0 621F F021 4412 BAA5 41B5 E951 089F 67B3 \
	A80D 62BF 6BA5 605E 12B2 C7C3 7226 071E F4F5 E24B 6535 BF22 \
	1E6F 0159 AF5D 8C4A E11D AEB9 75A4") }
 8:58:32 (snpslmd) Invalid license key (inconsistent authentication code)
 8:58:32 (snpslmd) 	==>INCREMENT Test-LBIST-Synthesis snpslmd 2021.06 11-oct-2021 3 \
	ISSUED=07-jul-2021 ck=66 SN=TK:2570-0:585122:549352 \
	START=07-jul-2021 AUTH={ snpslmd=( LK=6F52DCC72DC8069104BF \
	SIGN="0405 6573 06FD BA57 CCE7 26C1 52EA D51A 31C6 7B9D 4E18 \
	0C56 B7AF 4D5D 1133 12A6 25D2 89C1 4948 2594 0787 BF0A 518D \
	538D 3C7C 6832 C2E7 5274 B22F 8706") }
 8:58:32 (snpslmd) Invalid license key (inconsistent authentication code)
 8:58:32 (snpslmd) 	==>INCREMENT Test-MBIST-Integration snpslmd 2021.06 11-oct-2021 3 \
	ISSUED=07-jul-2021 ck=27 SN=TK:2570-0:585122:549352 \
	START=07-jul-2021 AUTH={ snpslmd=( LK=8F62BC27107A3599D811 \
	SIGN="19FC F311 7CAC 2267 6DC2 B0B3 2F08 1045 F0E0 FB7A 9374 \
	3C12 DDE1 6A6F 37AB 0D84 439B 213C 864D 7D3F AB17 034C BE1F \
	1774 9703 815F 8EFD 7CDB 5354 9478") }
 8:58:32 (snpslmd) Invalid license key (inconsistent authentication code)
 8:58:32 (snpslmd) 	==>INCREMENT Test-RTL-Check snpslmd 2021.06 11-oct-2021 3 \
	ISSUED=07-jul-2021 ck=72 SN=TK:2570-0:585122:549352 \
	START=07-jul-2021 AUTH={ snpslmd=( LK=0F124CC7CB9B163DD701 \
	SIGN="0FF3 B3CC CBCF 43AA C5BF 9087 FCC5 870F 8C66 E676 49D8 \
	0BC3 16C9 DB4A 180F 03E3 171A EC7B C68A 9F19 E87D 1D44 4DD0 \
	5D55 90D5 C7ED FA78 D9AF 3851 3466") }
 8:58:32 (snpslmd) Invalid license key (inconsistent authentication code)
 8:58:32 (snpslmd) 	==>INCREMENT Test-RTL-Tristate snpslmd 2021.06 11-oct-2021 3 \
	ISSUED=07-jul-2021 ck=45 SN=TK:2570-0:585122:549352 \
	START=07-jul-2021 AUTH={ snpslmd=( LK=6F12BC87F38AC640B430 \
	SIGN="0413 1CD5 00DF 093E 41F9 7BDD 2E60 8A60 31DF C933 4F98 \
	97ED 09A4 E9BF 0855 0200 4993 6788 28D5 7717 C356 C829 DBF6 \
	F53A 9E82 AD34 7630 CB01 8809 7A55") }
 8:58:32 (snpslmd) Invalid license key (inconsistent authentication code)
 8:58:32 (snpslmd) 	==>INCREMENT Test-STDVR snpslmd 2021.06 11-oct-2021 3 ISSUED=07-jul-2021 \
	ck=56 SN=TK:2570-0:585122:549352 START=07-jul-2021 AUTH={ \
	snpslmd=( LK=3FE21C97A76C29D8458E SIGN="0B5A 7CC9 BE25 1C7C \
	F4D2 8BF3 7A3A AC44 CB1A BEB8 E36F B684 3F5D 1D2D F038 02B9 \
	04E3 AB8A 185F FF56 8CF1 EF4F 6EEC F9BF E911 0537 5584 070E \
	F541 E3A7") }
 8:58:32 (snpslmd) Invalid license key (inconsistent authentication code)
 8:58:32 (snpslmd) 	==>INCREMENT Test-ScanRoute snpslmd 2021.06 11-oct-2021 3 \
	ISSUED=07-jul-2021 ck=50 SN=TK:2570-0:585122:549352 \
	START=07-jul-2021 AUTH={ snpslmd=( LK=5F123CD7E0CCDD50BD3A \
	SIGN="18DD 00F2 04AE 4DD3 1387 B7B3 2A80 DA1C 24C7 36BC 24C6 \
	D8AA CA9E C05E A7AB 0ED7 0A38 71F9 D59A B06E CD72 F642 C2BD \
	F41E E376 3488 B505 B2BA 7E58 9FC7") }
 8:58:32 (snpslmd) Invalid license key (inconsistent authentication code)
 8:58:32 (snpslmd) 	==>INCREMENT Test-Validate snpslmd 2021.06 11-oct-2021 3 \
	ISSUED=07-jul-2021 ck=35 SN=TK:2570-0:585122:549352 \
	START=07-jul-2021 AUTH={ snpslmd=( LK=CF82DC57EB02902FB42E \
	SIGN="00A7 D1B4 9EA9 CD4A 0686 DCC1 BD28 3D15 E405 30F3 7CCD \
	2A4A 4AB0 24CF 9F7A 060E BC16 14E8 0E00 87B6 7778 D36B A52E \
	C426 DC4A 53E2 5E0B 8685 228E 208B") }
 8:58:32 (snpslmd) Invalid license key (inconsistent authentication code)
 8:58:32 (snpslmd) 	==>INCREMENT VC-CDC-BASE snpslmd 2020.12 11-oct-2021 3 \
	ISSUED=07-jul-2021 ck=221 SN=TK:C525-0:585122:549352 \
	START=07-jul-2021 AUTH={ snpslmd=( LK=EFE27C17DDE30221D884 \
	SIGN="140C FB43 4FB4 21B8 5616 1A89 919D 0319 63E9 DD4C 215E \
	C2C9 0FFE C990 7EF3 0ED7 34FC 3EE4 B128 A6A1 B0FF F908 03AC \
	CB88 34C0 C0C0 EC7B BD5F 9929 3F26") atrenta=( SIGN="003E 21E5 \
	DE43 C037 FE1D FADD 9B7E 1B00 00D8 7A3D F2F7 1051 E4AE E930 \
	DB2E") }
 8:58:32 (snpslmd) Invalid license key (inconsistent authentication code)
 8:58:32 (snpslmd) 	==>INCREMENT VC-LINT-BASE snpslmd 2020.12 11-oct-2021 3 \
	ISSUED=07-jul-2021 ck=111 SN=TK:C524-0:585122:549352 \
	START=07-jul-2021 AUTH={ snpslmd=( LK=6F92DCD747C2BD5D9B7B \
	SIGN="0ED5 246F 0AF0 DFF8 B72D 2295 587B A5CD A4A3 5713 2A43 \
	671F 9052 0FC1 B8C5 00EE 3BD9 FA7B 5D82 A641 430E 7F94 4B79 \
	F308 C03D BFC6 D093 B38E 3C19 8F44") atrenta=( SIGN="008C 5E3F \
	F803 7944 4E22 65D1 562A 1200 2F6C 3CBD D45F E660 6F25 06FE \
	A6C1") }
 8:58:32 (snpslmd) Invalid license key (inconsistent authentication code)
 8:58:32 (snpslmd) 	==>INCREMENT VC-STATIC-COMPILE snpslmd 2020.12 11-oct-2021 3 \
	ISSUED=07-jul-2021 ck=155 SN=TK:C524-0:585122:549352 \
	START=07-jul-2021 AUTH={ snpslmd=( LK=2F320C375ABF498859A7 \
	SIGN="0B14 C2C5 B2BE 9A89 BFAB D5AB 09DA 3993 A87F 366B 121A \
	C6F4 0CA5 90D5 958C 1E29 7726 4DD0 6B8C 2FE0 33C8 DF3A C0F2 \
	971F 0EBF E034 3E40 CB5C 556A EF84") atrenta=( SIGN="005C ABDD \
	1710 87C0 0673 A657 0E00 5A00 ED2F FD01 8961 8BDE 3365 FA89 \
	2528") }
 8:58:32 (snpslmd) Invalid license key (inconsistent authentication code)
 8:58:32 (snpslmd) 	==>INCREMENT VC-STATIC-LINT snpslmd 2020.12 11-oct-2021 3 \
	ISSUED=07-jul-2021 ck=141 SN=TK:C524-0:585122:549352 \
	START=07-jul-2021 AUTH={ snpslmd=( LK=6FA22CD7CF2CD8E04015 \
	SIGN="0DB1 8C83 6BEA 2695 B187 F8CD 1A32 E55D 8393 CE27 184C \
	B059 06B9 3429 CE1C 0CAB 31C8 9725 0557 A3D2 5B37 589C 7853 \
	9368 273A BC3A B1DF 1D7F 673F 14E8") atrenta=( SIGN="0060 6B13 \
	104E A671 2133 13A4 1F12 4B00 8713 9201 F79B 9411 EF05 1A72 \
	3283") }
 8:58:32 (snpslmd) Invalid license key (inconsistent authentication code)
 8:58:32 (snpslmd) 	==>INCREMENT VC-STATIC-VERDI-PLUGIN snpslmd 2020.12 11-oct-2021 3 \
	ISSUED=07-jul-2021 ck=175 SN=TK:C524-0:585122:549352 \
	START=07-jul-2021 AUTH={ snpslmd=( LK=5FF26C77049C8FD9851F \
	SIGN="1266 7FA7 4FCD E0D9 60AE 9DE0 B848 F6D2 4436 B961 F4DD \
	3A6E B1B0 353D 82F2 1D6C AC09 9DA2 C268 A3A2 88A2 9C01 BECF \
	FECE 8A02 7AF7 BAE3 491D 2646 F80C") atrenta=( SIGN="00AB 310C \
	8E3F 3DB1 9E7C EEC1 7554 9100 995C B581 1E49 570A 46B0 96BF \
	58B5") }
 8:58:32 (snpslmd) Invalid license key (inconsistent authentication code)
 8:58:32 (snpslmd) 	==>INCREMENT VCSCompiler_Net snpslmd 2020.12 11-oct-2021 5 \
	ISSUED=07-jul-2021 ck=74 SN=TK:E322-0:585122:549352 \
	START=07-jul-2021 AUTH={ snpslmd=( LK=6F12FC27A4EC5DC95A80 \
	SIGN="1542 F94D 79C3 5238 B167 97BB C971 AF21 A857 5325 1B4D \
	20B1 BF78 B206 55D1 0BB6 7985 BFFD 5BED CCE1 5F06 25C7 4A8D \
	C848 05A8 0768 0248 C02C 0D1E 7259") }
 8:58:32 (snpslmd) Invalid license key (inconsistent authentication code)
 8:58:32 (snpslmd) 	==>INCREMENT VCSMXCompiler_Net snpslmd 2020.12 11-oct-2021 5 \
	ISSUED=07-jul-2021 ck=32 SN=TK:E322-0:585122:549352 \
	START=07-jul-2021 AUTH={ snpslmd=( LK=AF824C771AD922E386B8 \
	SIGN="031F 74E3 3758 C95B 91A5 3E49 2B3F 5CA1 33C4 EED9 6064 \
	052E F24D 2182 88D5 1463 3369 FE27 1D5D C852 FC30 862A 91D4 \
	8AB6 5323 7A40 B64D 37A4 7CCD 058A") }
 8:58:32 (snpslmd) Invalid license key (inconsistent authentication code)
 8:58:32 (snpslmd) 	==>INCREMENT VCSMXRunTime_Net snpslmd 2020.12 11-oct-2021 5 \
	ISSUED=07-jul-2021 ck=17 SN=TK:E322-0:585122:549352 \
	START=07-jul-2021 AUTH={ snpslmd=( LK=EF32BC3781511F1C31B2 \
	SIGN="1643 35EF 5F0B 987A B212 4CE0 CACB 815A 7D59 5B00 2DBE \
	7495 F223 1ADF 081C 1A11 9002 C528 0B71 1C16 1751 35B5 5086 \
	0BB3 D8A4 AF62 2E5F 2235 E6A3 2E01") }
 8:58:32 (snpslmd) Invalid license key (inconsistent authentication code)
 8:58:32 (snpslmd) 	==>INCREMENT VCSRuntime_Net snpslmd 2020.12 11-oct-2021 5 \
	ISSUED=07-jul-2021 ck=52 SN=TK:E322-0:585122:549352 \
	START=07-jul-2021 AUTH={ snpslmd=( LK=FFD27C17264A29C66CDE \
	SIGN="14C5 6DD2 54AC 7F41 C379 3CA4 D825 77BD BDAA 88D3 CCE2 \
	32F2 F40F 9AF0 B414 1CF0 08CC FEAD CEB0 C0CD CDF6 6343 1A0B \
	8915 3217 5E26 5C5E 2F5A EA03 1CE7") }
 8:58:32 (snpslmd) Invalid license key (inconsistent authentication code)
 8:58:32 (snpslmd) 	==>INCREMENT VCSTools_Net snpslmd 2020.12 11-oct-2021 5 \
	ISSUED=07-jul-2021 ck=27 SN=TK:E322-0:585122:549352 \
	START=07-jul-2021 AUTH={ snpslmd=( LK=8F927C771C240CE2334E \
	SIGN="0E15 93B8 D019 B668 C366 C82A 047E DEB1 9676 B6ED F884 \
	2A1E DA44 FE12 6F54 0E0D 9AEF 849B 55DA B7F4 900D 42ED 59F4 \
	1170 A817 D01E 3DC1 3A08 52D2 CB12") }
 8:58:32 (snpslmd) Invalid license key (inconsistent authentication code)
 8:58:32 (snpslmd) 	==>INCREMENT VCSUltraCompiler_Net snpslmd 2020.12 11-oct-2021 5 \
	ISSUED=07-jul-2021 ck=253 SN=TK:E322-0:585122:549352 \
	START=07-jul-2021 AUTH={ snpslmd=( LK=5F521CA748F32437E9E9 \
	SIGN="1354 4397 C025 2AEF 5112 0B4A F367 0943 D151 86A3 2646 \
	FC88 CD14 6384 6256 0F41 AA1D B09D C57B 9114 2036 A6A1 2EA6 \
	C189 A658 12F1 12BD 6733 174B C2E3") }
 8:58:32 (snpslmd) Invalid license key (inconsistent authentication code)
 8:58:32 (snpslmd) 	==>INCREMENT VCSUltraRuntime_Net snpslmd 2020.12 11-oct-2021 5 \
	ISSUED=07-jul-2021 ck=52 SN=TK:E322-0:585122:549352 \
	START=07-jul-2021 AUTH={ snpslmd=( LK=1F522C97C94B5EAEEA3D \
	SIGN="0060 8914 8DB8 D151 DF00 7855 DE1F 3685 133E 9D34 CB0E \
	17C1 1BBA 8CE1 26EE 02C3 A358 9B8A BBF4 0B98 A088 1D7C CF95 \
	4689 BF7D 2FCF 47E8 0CB0 4FBA 1FBC") }
 8:58:32 (snpslmd) Invalid license key (inconsistent authentication code)
 8:58:32 (snpslmd) 	==>INCREMENT VERDI-ULTRA snpslmd 2020.12 11-oct-2021 5 \
	ISSUED=07-jul-2021 ck=51 SN=TK:E266-0:585122:549352 \
	START=07-jul-2021 AUTH={ snpslmd=( LK=8F02FC17A310F0EDCC5B \
	SIGN="093D 015C 8382 4C05 16F4 FDD0 9124 6B2C 796A B021 55A5 \
	8A43 C5BE 325A 131B 0624 A37C 1E83 4EB7 B094 95C3 9F83 65F1 \
	E137 F027 D45C 35C0 CE27 8943 10BD") }
 8:58:32 (snpslmd) Invalid license key (inconsistent authentication code)
 8:58:32 (snpslmd) 	==>INCREMENT VIP-AMBA-AHB-SVT snpslmd 2021.06 11-oct-2021 6 \
	ISSUED=07-jul-2021 ck=46 SN=TK:2925-0:585122:549352 \
	START=07-jul-2021 AUTH={ snpslmd=( LK=9F028C974D2AEEA22CD2 \
	SIGN="0862 6151 ADC5 D606 A781 BE3B FE66 A623 F794 46CC 0BBA \
	B131 9A4E 1AA4 0499 09F5 647A 11E5 5B57 5C66 7851 2CCD 05B3 \
	F8EC 8121 C4E1 F490 0A8C 52C6 7C6C") }
 8:58:32 (snpslmd) Invalid license key (inconsistent authentication code)
 8:58:32 (snpslmd) 	==>INCREMENT VIP-AMBA-APB-SVT snpslmd 2021.06 11-oct-2021 6 \
	ISSUED=07-jul-2021 ck=137 SN=TK:2925-0:585122:549352 \
	START=07-jul-2021 AUTH={ snpslmd=( LK=CFC2AC87FDAAC613F4D9 \
	SIGN="130A 6F68 2AF9 45D9 D2A3 F021 5955 10B4 66F5 810C D393 \
	D010 6FA3 5C6E A323 1F80 C793 3B4D 2CA2 3538 F6F0 F4C0 1ED7 \
	DB23 6BB5 7C8C D4CB 0255 AA99 12EE") }
 8:58:32 (snpslmd) Invalid license key (inconsistent authentication code)
 8:58:32 (snpslmd) 	==>INCREMENT VIP-AMBA-AXI-SVT snpslmd 2021.06 11-oct-2021 6 \
	ISSUED=07-jul-2021 ck=25 SN=TK:2925-0:585122:549352 \
	START=07-jul-2021 AUTH={ snpslmd=( LK=3FC24CF7269DC6B1A81D \
	SIGN="1DE2 ED1E 40C8 85DE 8617 E611 9B94 A74D DBB1 2CF2 BAB4 \
	6A56 E9AB 2188 0878 0F9B FDE5 3BB5 98E6 EAC4 AED5 CCE0 1FD2 \
	F359 4049 372D 56D5 F7A0 5CCE 1D80") }
 8:58:32 (snpslmd) Invalid license key (inconsistent authentication code)
 8:58:32 (snpslmd) 	==>INCREMENT VT_CoverageURG snpslmd 2021.06 11-oct-2021 3 \
	ISSUED=07-jul-2021 ck=49 SN=TK:2925-0:585122:549352 \
	START=07-jul-2021 AUTH={ snpslmd=( LK=3F92AC373E3AFDB3EC47 \
	SIGN="1D03 C03B 4F20 9284 E4D6 5776 856E BA31 243B CF99 C3EF \
	5655 0901 11B2 13CB 12C2 1F5B A1FE 79BF D1C3 05F6 7B7A 093F \
	80F4 9234 F557 FE10 BEC3 C02D 7436") }
 8:58:32 (snpslmd) Invalid license key (inconsistent authentication code)
 8:58:32 (snpslmd) 	==>INCREMENT VT_VCS_AMS_AddOnRuntime snpslmd 2020.12 11-oct-2021 3 \
	ISSUED=07-jul-2021 ck=12 SN=TK:F956-0:585122:549352 \
	START=07-jul-2021 AUTH={ snpslmd=( LK=EF321C17D29628102C3D \
	SIGN="0D7A 7B6C CEC0 14D9 1B0E 3A99 1AAD 0990 3388 6E69 B315 \
	B85C 4B20 17FE B595 1ED2 0116 1E5D DDA1 4403 0E94 58C2 A642 \
	5FBC E90E 691C CB61 442D 0BED 9705") }
 8:58:32 (snpslmd) Invalid license key (inconsistent authentication code)
 8:58:32 (snpslmd) 	==>INCREMENT VT_VCS_AMS_CoSimRuntime snpslmd 2020.12 11-oct-2021 5 \
	ISSUED=07-jul-2021 ck=93 SN=TK:E322-0:585122:549352 \
	START=07-jul-2021 AUTH={ snpslmd=( LK=FFA2ECA736E660476B9B \
	SIGN="093C 0711 00DB DFDF E5C0 2AE7 0F82 EBCA 8074 A7CA C91D \
	DADA 5D8A 59F8 D3B2 1E88 7288 C9DC F84C A1DC A624 B6BC CB16 \
	4C99 DB77 4DDD 1E85 F6BB 5FF0 E7E8") }
 8:58:32 (snpslmd) Invalid license key (inconsistent authentication code)
 8:58:32 (snpslmd) 	==>INCREMENT Verdi_HwSwDebug snpslmd 2020.12 11-oct-2021 5 \
	ISSUED=07-jul-2021 ck=48 SN=TK:E266-0:585122:549352 \
	START=07-jul-2021 AUTH={ snpslmd=( LK=0F927CF7B8879495ACA2 \
	SIGN="1C31 A5BD 085D 7BE4 0168 4D75 03CB 8EC4 BB95 FCBC F2B0 \
	8F2A 12CF B3A3 4027 1E1B 2E52 E17B 7619 4023 5D33 0B05 1D87 \
	BF71 0BAF 7ADE 7770 1C0C B75A 6253") }
 8:58:32 (snpslmd) Invalid license key (inconsistent authentication code)
 8:58:32 (snpslmd) 	==>INCREMENT adv_checker snpslmd 2020.12 11-oct-2021 3 \
	ISSUED=07-jul-2021 ck=126 SN=TK:C525-0:585122:549352 \
	START=07-jul-2021 AUTH={ snpslmd=( LK=8FF20C0713537AED6645 \
	SIGN="0E76 D886 F254 E0EA 6087 DAD5 25FF 31E8 29A6 1239 1FBE \
	079E C954 0AA9 4C2D 10A4 115E 9F9E DC0E E46B ECE3 5691 8902 \
	F90E A5FD 7B36 CE61 1495 DEAD 515A") atrenta=( SIGN="00C8 6272 \
	79DC 2245 2A15 2F63 4AF8 D800 D563 C4FF 92CE 3258 13BF 4D4C \
	6C24") }
 8:58:32 (snpslmd) Invalid license key (inconsistent authentication code)
 8:58:32 (snpslmd) 	==>INCREMENT cdc_adv_checker snpslmd 2020.12 11-oct-2021 3 \
	ISSUED=07-jul-2021 ck=98 SN=TK:C525-0:585122:549352 \
	START=07-jul-2021 AUTH={ snpslmd=( LK=5F42CC176484B3DDCC3B \
	SIGN="1293 3484 324A 51B8 AECA F727 7078 E339 F874 A6E5 6B90 \
	EFC6 1BAD B07E FEFF 0953 ED91 2DF0 2D13 D6D4 E244 538B 81E2 \
	92D5 DBFD 398D D310 E6BD B71B 6FA0") atrenta=( SIGN="00BC 21AA \
	1BE3 41FE 89CE F8EF 9AFB 2100 A82E ED5A 3CE9 CBE2 8F0E E77D \
	50F5") }
 8:58:32 (snpslmd) Invalid license key (inconsistent authentication code)
 8:58:32 (snpslmd) 	==>INCREMENT cdsaawaves snpslmd 2020.12 11-oct-2021 3 ISSUED=07-jul-2021 \
	ck=66 SN=TK:4660-0:585122:549352 START=07-jul-2021 AUTH={ \
	snpslmd=( LK=CF924C171CE127C68BF0 SIGN="18A7 9101 9B5C 201C \
	D993 C212 70F5 BF52 4EFB 354D 0893 9221 FEA6 1054 B9AF 0DE7 \
	CF2F 26A5 4E78 3A2E D39D CBCD 2B35 0271 7DB9 6A14 2538 0BD7 \
	E4C4 F911") }
 8:58:32 (snpslmd) Invalid license key (inconsistent authentication code)
 8:58:32 (snpslmd) 	==>INCREMENT checker snpslmd 2020.12 11-oct-2021 3 ISSUED=07-jul-2021 \
	ck=180 SN=TK:C524-0:585122:549352 START=07-jul-2021 AUTH={ \
	snpslmd=( LK=EF425CF789D85CE25BC6 SIGN="1D50 746B D917 4F14 \
	D26D 8980 E149 D301 C247 76EE 25D2 C32E 2404 3915 D1E0 1A18 \
	9FB0 A0D3 A028 EC05 6F33 E460 2CA0 2964 FDD9 1A88 7A72 2A97 \
	5801 E2C1") atrenta=( SIGN="0071 8B11 2886 15D7 0335 B246 914D \
	2A00 1089 90F9 D5C7 2809 1793 C1E2 5B21") }
 8:58:32 (snpslmd) Invalid license key (inconsistent authentication code)
 8:58:32 (snpslmd) 	==>INCREMENT encrypt snpslmd 2020.12 11-oct-2021 3 ISSUED=07-jul-2021 \
	ck=22 SN=TK:4944-0:585122:549352 START=07-jul-2021 AUTH={ \
	snpslmd=( LK=6F524C27065CAE1F1179 SIGN="0BB1 587F 4680 00DF \
	1668 0793 7D53 17ED E83B 8191 66A9 C421 5BE0 4BEF F712 114D \
	2D5D 09F3 63AA D7E0 3BA2 79E0 BD0A C295 757C 87F8 19C0 2453 \
	11DE 028E") }
 8:58:32 (snpslmd) Invalid license key (inconsistent authentication code)
 8:58:32 (snpslmd) 	==>INCREMENT encrypt snpslmd 2020.12 11-oct-2021 3 ISSUED=07-jul-2021 \
	ck=237 SN=TK:4660-0:585122:549352 START=07-jul-2021 AUTH={ \
	snpslmd=( LK=0F627CE72A94726BB407 SIGN="07D9 A1B1 FF02 0A04 \
	AB82 CADB CB46 97A7 9748 A86A 397B 3D8A 1B38 2C63 3930 00F5 \
	FB52 29C7 8E2A 6F45 A88A 6AD4 709C A75B B793 0F70 6281 6ABB \
	D48A 680F") }
 8:58:32 (snpslmd) Invalid license key (inconsistent authentication code)
 8:58:32 (snpslmd) 	==>INCREMENT fullhspice snpslmd 2020.12 11-oct-2021 3 ISSUED=07-jul-2021 \
	ck=230 SN=TK:4660-0:585122:549352 START=07-jul-2021 AUTH={ \
	snpslmd=( LK=0F22CC07296731434E52 SIGN="19F9 A29E D854 6BD0 \
	BE8D 3347 1E9D 1534 949C DC72 0D92 B24C B01B EA2D 491C 09F5 \
	8A4E 01AD 9DF0 ACC0 0639 E70C 2620 0672 C363 CC42 683F E76E \
	75DC 2214") }
 8:58:32 (snpslmd) Invalid license key (inconsistent authentication code)
 8:58:32 (snpslmd) 	==>INCREMENT hspice snpslmd 2020.12 11-oct-2021 3 ISSUED=07-jul-2021 \
	ck=59 SN=TK:4660-0:585122:549352 START=07-jul-2021 AUTH={ \
	snpslmd=( LK=FFB29C67C53AA4576D6D SIGN="0F11 BD03 A9F0 CE10 \
	29FA DD8F 85FA BC2F 0285 1B77 29BF E353 3B89 E3D8 071D 07AA \
	FC3B 77E1 D13F 60DA C259 B18A 6E6E D132 F4B7 2FEE E184 19F7 \
	981E 14E5") }
 8:58:32 (snpslmd) Invalid license key (inconsistent authentication code)
 8:58:32 (snpslmd) 	==>INCREMENT hspice3des snpslmd 2020.12 11-oct-2021 3 ISSUED=07-jul-2021 \
	ck=28 SN=TK:4660-0:585122:549352 START=07-jul-2021 AUTH={ \
	snpslmd=( LK=9F521CE73331676C4560 SIGN="1D4E D9E9 1328 4B9E \
	8AFA 8F6D 7197 8E66 5DAC D4F8 3074 29CA 8269 3379 2836 0395 \
	8A31 0228 D974 D5D8 C90D 6C24 7AA0 E03F C991 85D2 7B30 0114 \
	9C36 93EA") }
 8:58:32 (snpslmd) Invalid license key (inconsistent authentication code)
 8:58:32 (snpslmd) 	==>INCREMENT hspice_api snpslmd 2020.12 11-oct-2021 3 ISSUED=07-jul-2021 \
	ck=39 SN=TK:4660-0:585122:549352 START=07-jul-2021 AUTH={ \
	snpslmd=( LK=CFC28C679C140C0882D4 SIGN="1DE1 E2EA 2817 05EC \
	616A 5C55 3428 BFCC C642 9E33 9901 E372 8757 1F51 DE72 0A95 \
	6D71 9C73 E4CC BECA 4B34 0037 EBD8 81E3 DC35 F0CD D3EA 66F9 \
	14F8 7000") }
 8:58:32 (snpslmd) Invalid license key (inconsistent authentication code)
 8:58:32 (snpslmd) 	==>INCREMENT hspicecmidev snpslmd 2020.12 11-oct-2021 3 \
	ISSUED=07-jul-2021 ck=15 SN=TK:4660-0:585122:549352 \
	START=07-jul-2021 AUTH={ snpslmd=( LK=9F121C17EFC0D46730DE \
	SIGN="1C80 B26F 8D58 07A0 04E9 760A 7F36 DF1C 1DCF 797E ADF3 \
	B4AE 22F5 0164 1754 07C4 A861 F408 06F7 0E98 139A 5366 83DD \
	CEDC 46E3 C4BC 292F CD7B 7C8D 091A") }
 8:58:32 (snpslmd) Invalid license key (inconsistent authentication code)
 8:58:32 (snpslmd) 	==>INCREMENT hspicecmirt snpslmd 2020.12 11-oct-2021 3 \
	ISSUED=07-jul-2021 ck=68 SN=TK:4660-0:585122:549352 \
	START=07-jul-2021 AUTH={ snpslmd=( LK=AFD28C27F8A5D3F88249 \
	SIGN="0129 9AE1 8B7B 349D 2FB2 C19A B7BA D770 B066 B2FB 9E24 \
	12BC BC61 26F5 D058 07DF F4F8 EA97 0592 5F40 39AB 2366 EB57 \
	4BA3 39E0 4B48 A6E9 A970 5B3F A282") }
 8:58:32 (snpslmd) Invalid license key (inconsistent authentication code)
 8:58:32 (snpslmd) 	==>INCREMENT metaencrypt3des snpslmd 2020.12 11-oct-2021 3 \
	ISSUED=07-jul-2021 ck=93 SN=TK:4660-0:585122:549352 \
	START=07-jul-2021 AUTH={ snpslmd=( LK=6FE21CA79EA39D02E234 \
	SIGN="180A 7411 3206 DF35 1869 2425 62E1 5CE1 4C76 D23D 4C00 \
	F615 AA71 D792 4416 170F BAB7 BA51 4371 1B77 10DC 5EE4 8BCE \
	56F8 AE37 176C 8C10 8240 9224 6E51") }
 8:58:32 (snpslmd) Invalid license key (inconsistent authentication code)
 8:58:32 (snpslmd) 	==>INCREMENT nanosim/ace_cosim snpslmd 2020.12 11-oct-2021 3 \
	ISSUED=07-jul-2021 ck=87 SN=TK:4944-0:585122:549352 \
	START=07-jul-2021 AUTH={ snpslmd=( LK=EFE2CCB72B5716435F87 \
	SIGN="0AD4 45B6 48E4 359E 0A4F 315D 8634 1479 DF2B 7565 4996 \
	914C 2348 A6CA 41CD 0977 6A75 08F4 FBFA 9541 82A6 08C0 F921 \
	01BB 1463 90AE 1734 E046 F125 BF60") }
 8:58:32 (snpslmd) Invalid license key (inconsistent authentication code)
 8:58:32 (snpslmd) 	==>INCREMENT primewave snpslmd 2020.12 11-oct-2021 3 ISSUED=07-jul-2021 \
	ck=212 SN=TK:E259-0:585122:549352 START=07-jul-2021 AUTH={ \
	snpslmd=( LK=AF32FC374BD928046553 SIGN="18D6 A58D 8C18 ED0D \
	642D 6DFA AE1E AB6D 1353 F921 6948 A0AC EB91 EA46 3E37 069D \
	92E4 9F78 4D24 1C55 9791 82CB 8C31 FE78 2402 166B 061B 3CB8 \
	C5B8 B7BD") }
 8:58:32 (snpslmd) Invalid license key (inconsistent authentication code)
 8:58:32 (snpslmd) 	==>INCREMENT simif snpslmd 2020.12 11-oct-2021 3 ISSUED=07-jul-2021 \
	ck=221 SN=TK:4660-0:585122:549352 START=07-jul-2021 AUTH={ \
	snpslmd=( LK=6F82BC174C29222B7262 SIGN="1BF6 ED4E F277 E228 \
	98B3 B850 0AE5 546C C3D6 CC28 F8D1 0DA0 EE9D 3EE7 42FB 0FC2 \
	3059 DC53 A93C 7ECB 1421 36E6 FC1A 0DC2 12B5 DA3C CA37 0A23 \
	1E2B 6814") }
 8:58:32 (snpslmd) Invalid license key (inconsistent authentication code)
 8:58:32 (snpslmd) 	==>INCREMENT spice_explorer snpslmd 2020.12 11-oct-2021 3 \
	ISSUED=07-jul-2021 ck=154 SN=TK:4643-0:585122:549352 \
	START=07-jul-2021 AUTH={ snpslmd=( LK=6FF24C676054AA408B67 \
	SIGN="02FC 927D 74EA 7991 83FA 8324 69E5 DB96 B062 78C1 0AD7 \
	6AA0 D8BD 7749 0B8A 06C5 F54D 9944 1154 97A6 0639 6577 5C7B \
	A991 643B 7DE0 DA6C 1D84 629F CB68") sandwork=( \
	SIGN=DEE0F76E8BA8BA72) }
 8:58:32 (snpslmd) Invalid license key (inconsistent authentication code)
 8:58:32 (snpslmd) 	==>INCREMENT spice_parser snpslmd 2020.12 11-oct-2021 3 \
	ISSUED=07-jul-2021 ck=26 SN=TK:4944-0:585122:549352 \
	START=07-jul-2021 AUTH={ snpslmd=( LK=8F12EC277D944295C2D4 \
	SIGN="09BC F82D 5F28 52BD 6A08 B82E C793 CEBF 0391 8BDD C3C7 \
	035D 7ECE 7F4B AE4A 0551 BDE6 F720 922C E2B3 E525 0B98 C765 \
	FC08 CA51 5C80 1739 011B B22F A0A0") }
 8:58:32 (snpslmd) Invalid license key (inconsistent authentication code)
 8:58:32 (snpslmd) 	==>INCREMENT sx_cdslink snpslmd 2020.12 11-oct-2021 3 ISSUED=07-jul-2021 \
	ck=148 SN=TK:4643-0:585122:549352 START=07-jul-2021 AUTH={ \
	snpslmd=( LK=3FE23C87D74462B27D0B SIGN="064C 8384 397B EB1B \
	A1E0 9C30 2502 805E D5BD F3D7 0E6E 6011 69F5 E119 C9DD 006D \
	F0E4 86C5 D497 F8AF 0702 0714 A9F1 BBCC F9B1 426A 4C8F 14B7 \
	4C0A 340B") sandwork=( SIGN=37501F9C99DA8DE6) }
 8:58:32 (snpslmd) Invalid license key (inconsistent authentication code)
 8:58:32 (snpslmd) 	==>INCREMENT sx_cdslink_ext snpslmd 2020.12 11-oct-2021 3 \
	ISSUED=07-jul-2021 ck=186 SN=TK:4643-0:585122:549352 \
	START=07-jul-2021 AUTH={ snpslmd=( LK=CF12FC67EC9F0D25F889 \
	SIGN="0FD7 8F32 BB8E 7B20 5BAE 9CE2 245D D47F 8E48 464C 9F79 \
	E45A 97F4 7E3F 2AA0 155A BF7E E4E5 D946 56C2 C87E 3492 D58B \
	BE0F CD40 6DB8 FD5C 27FD 2059 0F7B") sandwork=( \
	SIGN=3B42E3E8481A85F6) }
 8:58:32 (snpslmd) Invalid license key (inconsistent authentication code)
 8:58:32 (snpslmd) 	==>INCREMENT sx_data snpslmd 2020.12 11-oct-2021 3 ISSUED=07-jul-2021 \
	ck=153 SN=TK:4643-0:585122:549352 START=07-jul-2021 AUTH={ \
	snpslmd=( LK=BF425CD7BFF331E6F1AF SIGN="0DA8 53A6 CC3F F9E9 \
	F9F8 AA95 F916 1C4D 195E 6FBD 6627 BA87 D9CC 42E2 F02C 0503 \
	F6A0 E8A8 5A51 98C9 0424 9EF2 8579 773A 8BB7 CC5B 3B79 9C9E \
	AFCA 52A8") sandwork=( SIGN=91885CF2CCC49ABC) }
 8:58:32 (snpslmd) Invalid license key (inconsistent authentication code)
 8:58:32 (snpslmd) 	==>INCREMENT xsim snpslmd 2020.12 11-oct-2021 3 ISSUED=07-jul-2021 ck=89 \
	SN=TK:4944-0:585122:549352 START=07-jul-2021 AUTH={ snpslmd=( \
	LK=BF421C17DE87D0E23AC9 SIGN="1F07 F6EF 11ED 8051 7009 8271 \
	7378 DDC2 BCE8 6B55 FFF2 DFDC FE34 ECBF C42D 18F1 59A8 7712 \
	7C9F 4CD5 8A9F 5BA1 C994 BBBC 6822 090D 86CD 0E11 260D B832") \
	}
 8:58:32 (snpslmd) License server system started on ip-172-31-33-1.us-east-2.compute.internal
 8:58:32 (snpslmd) No features to serve, exiting
 8:58:32 (snpslmd) EXITING DUE TO SIGNAL 36 Exit reason 4
 8:58:32 (lmgrd) snpslmd exited with status 36 (No features to serve)
 8:58:32 (lmgrd) snpslmd daemon found no features.  Please correct
 8:58:32 (lmgrd) license file and re-start daemons.
 8:58:32 (lmgrd) 
 8:58:32 (lmgrd) This may be due to the fact that you are using
 8:58:32 (lmgrd) a different license file from the one you expect.
 8:58:32 (lmgrd) Check to make sure that:
 8:58:32 (lmgrd) ./admin/license/Jul21.lic 
 8:58:32 (lmgrd) is the license file you want to use.
 8:58:32 (lmgrd) 
 9:03:15 (lmgrd) SHUTDOWN request from centos at node ip-172-31-33-1.us-east-2.compute.internal
 9:03:15 (lmgrd) lmgrd will now shut down all the vendor daemons

 9:03:15 (lmgrd) EXITING DUE TO SIGNAL 15
