 1:46:55 (lmgrd) -----------------------------------------------
 1:46:55 (lmgrd)   Please Note:
 1:46:55 (lmgrd) 
 1:46:55 (lmgrd)   This log is intended for debug purposes only.
 1:46:55 (lmgrd)   In order to capture accurate license
 1:46:55 (lmgrd)   usage data into an organized repository,
 1:46:55 (lmgrd)   please enable report logging. Use Flexera's
 1:46:55 (lmgrd)   software license administration  solution,
 1:46:55 (lmgrd)   FlexNet Manager, to  readily gain visibility
 1:46:55 (lmgrd)   into license usage data and to create
 1:46:55 (lmgrd)   insightful reports on critical information like
 1:46:55 (lmgrd)   license availability and usage. FlexNet Manager
 1:46:55 (lmgrd)   can be fully automated to run these reports on
 1:46:55 (lmgrd)   schedule and can be used to track license
 1:46:55 (lmgrd)   servers and usage across a heterogeneous
 1:46:55 (lmgrd)   network of servers including Windows NT, Linux
 1:46:55 (lmgrd)   and UNIX.
 1:46:55 (lmgrd) 
 1:46:55 (lmgrd) -----------------------------------------------
 1:46:55 (lmgrd) 
 1:46:55 (lmgrd) 
 1:46:55 (lmgrd) Server's System Date and Time: Thu May 06 2021 01:46:55 UTC
 1:46:55 (lmgrd) SLOG: Summary LOG statistics is enabled.
 1:47:04 (lmgrd) FlexNet Licensing (v11.16.4.0 build 252457 x64_lsb) started on ip-172-31-33-1.us-east-2.compute.internal (linux) (5/6/2021)
 1:47:04 (lmgrd) Copyright (c) 1988-2019 Flexera. All Rights Reserved.
 1:47:04 (lmgrd) World Wide Web:  http://www.flexerasoftware.com
 1:47:04 (lmgrd) License file(s): ../../admin/license/May21_4.lic
 1:47:04 (lmgrd) lmgrd tcp-port 27020
 1:47:04 (lmgrd) (@lmgrd-SLOG@) ===============================================
 1:47:04 (lmgrd) (@lmgrd-SLOG@) === LMGRD ===
 1:47:04 (lmgrd) (@lmgrd-SLOG@) Start-Date: Thu May 06 2021 01:47:04 UTC
 1:47:04 (lmgrd) (@lmgrd-SLOG@) PID: 4087606
 1:47:04 (lmgrd) (@lmgrd-SLOG@) LMGRD Version: v11.16.4.0 build 252457 x64_lsb ( build 252457 (ipv6))
 1:47:04 (lmgrd) (@lmgrd-SLOG@) 
 1:47:04 (lmgrd) (@lmgrd-SLOG@) === Network Info ===
 1:47:04 (lmgrd) (@lmgrd-SLOG@) Listening port: 27020
 1:47:04 (lmgrd) (@lmgrd-SLOG@) 
 1:47:04 (lmgrd) (@lmgrd-SLOG@) === Startup Info ===
 1:47:04 (lmgrd) (@lmgrd-SLOG@) Server Configuration: Single Server
 1:47:04 (lmgrd) (@lmgrd-SLOG@) Command-line options used at LS startup: -c ../../admin/license/May21_4.lic -l ../../admin/logs/May21_4.log 
 1:47:04 (lmgrd) (@lmgrd-SLOG@) License file(s) used:  ../../admin/license/May21_4.lic
 1:47:04 (lmgrd) (@lmgrd-SLOG@) ===============================================
 1:47:04 (lmgrd) Starting vendor daemons ... 
 1:47:04 (lmgrd) Started snpslmd (internet tcp_port 44717 pid 4087626)
 1:47:04 (snpslmd) FlexNet Licensing version v11.16.4.0 build 252457 x64_lsb
05/06/2021 01:47:04 (snpslmd) INFO: Pooling on VENDOR_STRING is Disabled (to enable, set SCL_POOL_VS=1)
05/06/2021 01:47:04 (snpslmd) Synopsys Corporate Licensing (SCL) Release: version SCL_2021.03_SP1
05/06/2021 01:47:04 (snpslmd) INFO: License sanity check enabled (3600)
05/06/2021 01:47:04 (snpslmd) INFO: File descriptor limit (soft, hard) for snpslmd: 1024, 262144
05/06/2021 01:47:04 (snpslmd) INFO: TCP - tcp_keepalive_time - 7200 | tcp_keepalive_intvl - 75 | tcp_keepalive_probes - 9 | tcp_fin_timeout - 60 | net.ipv4.tcp_max_syn_backlog=512 | net.core.somaxconn=128

05/06/2021 01:47:04 (snpslmd) INFO: Cloud detection enabled. 1
 1:47:04 (snpslmd) SLOG: Summary LOG statistics is enabled.
 1:47:04 (snpslmd) SLOG: FNPLS-INTERNAL-CKPT1
 1:47:04 (snpslmd) SLOG: VM Status: 6
 1:47:04 (snpslmd) SLOG: FNPLS-INTERNAL-CKPT5
 1:47:04 (snpslmd) SLOG: TPM Status: 0
 1:47:04 (snpslmd) SLOG: FNPLS-INTERNAL-CKPT6
 1:47:05 (snpslmd) Server started on ip-172-31-33-1.us-east-2.compute.internal for:	SSST		
 1:47:05 (snpslmd) ACS		BOA-BRT		DC-Expert	
 1:47:05 (snpslmd) DC-Extension	DC-SDF-Interface DC-Ultra-Features 
 1:47:05 (snpslmd) DC-Ultra-Opt	Design-Budgeting Design-Compiler 
 1:47:05 (snpslmd) Design-Compiler-NXT Design-Vision	DesignWare	
 1:47:05 (snpslmd) DesignWare-LP	DesignWare-VERA Designware-Basic 
 1:47:05 (snpslmd) FSPRO2XSIM	Formality	Formality-Advanced 
 1:47:05 (snpslmd) Formality-E1	Formality-Ultra Galaxy-Common	
 1:47:05 (snpslmd) GalaxyConstraint HDL		HDL-Compiler	
 1:47:05 (snpslmd) ICCompilerII	ICCompilerII-4	ICCompilerIIs-Shell 
 1:47:05 (snpslmd) ICValidator-Live ICValidator-Manager ICValidator-Workbench 
 1:47:05 (snpslmd) ICValidator2-CompareEngine ICValidator2-GeometryEngine Library-Compiler 
 1:47:05 (snpslmd) MCE-Base	MDataPrep	MDynLink	
 1:47:05 (snpslmd) Milkyway	Milkyway-Interface Power-Optimization 
 1:47:05 (snpslmd) PrimePower	PrimeTime	PrimeTime-SI	
 1:47:05 (snpslmd) RTL-Power-Analysis STAR-RC2-NETLIST STAR-RC2-PROBER 
 1:47:05 (snpslmd) STAR-RC2-TCAD	STAR-RC2_ULTRA_MANAGER SynLib-Eval	
 1:47:05 (snpslmd) SynopsysCustomAdvancedPlus SynopsysCustomSAE Test-CTL-Model	
 1:47:05 (snpslmd) Test-Compiler	Test-Core-Wrapper Test-DFTC-TMAX	
 1:47:05 (snpslmd) Test-LBIST-Synthesis Test-MBIST-Integration Test-RTL-Check	
 1:47:05 (snpslmd) Test-RTL-Tristate Test-STDVR	Test-ScanRoute	
 1:47:05 (snpslmd) Test-Validate	VC-CDC-BASE	VC-LINT-BASE	
 1:47:05 (snpslmd) VC-STATIC-COMPILE VC-STATIC-LINT	VC-STATIC-VERDI-PLUGIN 
 1:47:05 (snpslmd) VCSCompiler_Net VCSMXCompiler_Net VCSMXRunTime_Net 
 1:47:05 (snpslmd) VCSRuntime_Net	VCSTools_Net	VCSUltraCompiler_Net 
 1:47:05 (snpslmd) VCSUltraRuntime_Net VERDI-ULTRA	VIP-AMBA-AHB-SVT 
 1:47:05 (snpslmd) VIP-AMBA-APB-SVT VIP-AMBA-AXI-SVT VT_CoverageURG	
 1:47:05 (snpslmd) VT_VCS_AMS_CoSimRuntime Verdi_HwSwDebug adv_checker	
 1:47:05 (snpslmd) cdc_adv_checker cdsaawaves	checker		
 1:47:05 (snpslmd) encrypt		fullhspice	hspice		
 1:47:05 (snpslmd) hspice3des	hspice_api	hspicecmidev	
 1:47:05 (snpslmd) hspicecmirt	metaencrypt3des nanosim/ace_cosim 
 1:47:05 (snpslmd) primewave	simif		spice_explorer	
 1:47:05 (snpslmd) spice_parser	sx_cdslink	sx_cdslink_ext	
 1:47:05 (snpslmd) sx_data		xsim		FAS-COSIM	
 1:47:05 (snpslmd) VT_VCS_AMS_AddOnRuntime 
 1:47:05 (snpslmd) 
 1:47:05 (snpslmd) Licenses are case sensitive for TE_CATS
 1:47:05 (snpslmd) 
 1:47:05 (snpslmd) EXTERNAL FILTERS are OFF
 1:47:05 (lmgrd) snpslmd using TCP-port 44717
 1:47:05 (snpslmd) Serving features for the following vendor names:
 snpslmd  ACAD  adalmd  anagram  arcd  atrenta  avantd  CADABRA  chrysalisd  cowared  doradod  EPIC  eved  extremed  hscd  innologd  ISE-TCADd  knights  magma  metasoftd  mwflexd  nassd  nsysnvs  numeritchd  pdld  perflmd  riod  saber_dmn  sandwork  sclmgrd  sigmacd  SIINT  simple  snpsOEM1  snslmgrd  ssilmd  synforad  synopsysd  synplctyd  targetld  TAVEREN  TE_CATS  tmald  vastlmd  vcsd  wlld  
05/06/2021 01:47:05 (snpslmd) ------------------------------------------------------------------
05/06/2021 01:47:05 (snpslmd) Checking the integrity of the license file...
05/06/2021 01:47:05 (snpslmd) Valid SSST feature found.
05/06/2021 01:47:05 (snpslmd) Licensed to Quasistatics Inc.
05/06/2021 01:47:05 (snpslmd) Siteid: 48259, Server Hostid: VM_UUID=I-03F13A8C6BD64EF16, Issued on: 4/20/2021
05/06/2021 01:47:05 (snpslmd) ------------------------------------------------------------------
05/06/2021 01:47:05 (snpslmd) INFO: Server WAN NC data enabled
05/06/2021 01:47:05 (snpslmd) [SCL] Running on AWS Cloud Platform.
 1:47:05 (snpslmd) SLOG: Statistics Log Frequency is 240 minute(s).
 1:47:05 (snpslmd) SLOG: TS update poll interval is 0. TS update is detected by midnight reread only.
 1:47:05 (snpslmd) SLOG: Activation borrow reclaim percentage is 0.
 1:47:05 (snpslmd) (@snpslmd-SLOG@) ===============================================
 1:47:05 (snpslmd) (@snpslmd-SLOG@) === Vendor Daemon ===
 1:47:05 (snpslmd) (@snpslmd-SLOG@) Vendor daemon: snpslmd
 1:47:05 (snpslmd) (@snpslmd-SLOG@) Start-Date: Thu May 06 2021 01:47:05 UTC
 1:47:05 (snpslmd) (@snpslmd-SLOG@) PID: 4087626
 1:47:05 (snpslmd) (@snpslmd-SLOG@) VD Version: v11.16.4.0 build 252457 x64_lsb ( build 252457 (ipv6))
 1:47:05 (snpslmd) (@snpslmd-SLOG@) 
 1:47:05 (snpslmd) (@snpslmd-SLOG@) === Startup/Restart Info ===
 1:47:05 (snpslmd) (@snpslmd-SLOG@) Options file used: None
 1:47:05 (snpslmd) (@snpslmd-SLOG@) Is vendor daemon a CVD: Yes
 1:47:05 (snpslmd) (@snpslmd-SLOG@) Is FlexNet Licensing Service installed and compatible: Yes
 1:47:05 (snpslmd) (@snpslmd-SLOG@) FlexNet Licensing Service Version: 11.16.4.0
 1:47:05 (snpslmd) (@snpslmd-SLOG@) Is TS accessed: No
 1:47:05 (snpslmd) (@snpslmd-SLOG@) TS access time: -NA-
 1:47:05 (snpslmd) (@snpslmd-SLOG@) Number of VD restarts since LS startup: 0
 1:47:05 (snpslmd) (@snpslmd-SLOG@) 
 1:47:05 (snpslmd) (@snpslmd-SLOG@) === Network Info ===
 1:47:05 (snpslmd) (@snpslmd-SLOG@) Listening port: 44717
 1:47:05 (snpslmd) (@snpslmd-SLOG@) Daemon select timeout (in seconds): 1
 1:47:05 (snpslmd) (@snpslmd-SLOG@) 
 1:47:05 (snpslmd) (@snpslmd-SLOG@) === Host Info ===
 1:47:05 (snpslmd) (@snpslmd-SLOG@) Host used in license file: ip-172-31-33-1.us-east-2.compute.internal
 1:47:05 (snpslmd) (@snpslmd-SLOG@) HostID node-locked in license file: VM_UUID=I-03F13A8C6BD64EF16 
 1:47:05 (snpslmd) (@snpslmd-SLOG@) HostID of the License Server: 0a728c0d98d6
 1:47:05 (snpslmd) (@snpslmd-SLOG@) Running on Hypervisor: Amazon EC2
 1:47:05 (snpslmd) (@snpslmd-SLOG@) ===============================================
 1:47:40 (snpslmd) TCP_NODELAY NOT enabled
 1:47:40 (snpslmd) OUT: "SynopsysCustomAdvancedPlus" sumonbose@ip-172-31-33-1.us-east-2.compute.internal  [4085574@ip-172-31-33-1.us-east-2.compute.internal_CustomCompiler] 
 1:48:26 (snpslmd) DENIED: "SynopsysCustomAdvancedPlus" centos@ip-172-31-33-1.us-east-2.compute.internal  [4087816@ip-172-31-33-1.us-east-2.compute.internal_CustomCompiler] (Licensed number of users already reached. (-4,342))
 1:48:26 (snpslmd) DENIED: "SynopsysCustomAdvancedPlus" centos@ip-172-31-33-1.us-east-2.compute.internal  [4087816@ip-172-31-33-1.us-east-2.compute.internal_CustomCompiler] (Licensed number of users already reached. (-4,342))
 1:48:26 (snpslmd) DENIED: "SynopsysCustomAdvancedPlus" centos@ip-172-31-33-1.us-east-2.compute.internal  [4087816@ip-172-31-33-1.us-east-2.compute.internal_CustomCompiler] (Licensed number of users already reached. (-4,342))
 1:48:26 (snpslmd) DENIED: "SynopsysCustomAdvancedPlus" centos@ip-172-31-33-1.us-east-2.compute.internal  [4087816@ip-172-31-33-1.us-east-2.compute.internal_CustomCompiler] (Licensed number of users already reached. (-4,342))
 1:48:48 (snpslmd) DENIED: "SynopsysCustomAdvancedPlus" centos@ip-172-31-33-1.us-east-2.compute.internal  [4087816@ip-172-31-33-1.us-east-2.compute.internal_CustomCompiler] (Licensed number of users already reached. (-4,342))
 1:48:48 (snpslmd) DENIED: "SynopsysCustomAdvancedPlus" centos@ip-172-31-33-1.us-east-2.compute.internal  [4087816@ip-172-31-33-1.us-east-2.compute.internal_CustomCompiler] (Licensed number of users already reached. (-4,342))
 1:48:48 (snpslmd) DENIED: "SynopsysCustomAdvancedPlus" centos@ip-172-31-33-1.us-east-2.compute.internal  [4087816@ip-172-31-33-1.us-east-2.compute.internal_CustomCompiler] (Licensed number of users already reached. (-4,342))
 1:48:48 (snpslmd) DENIED: "SynopsysCustomAdvancedPlus" centos@ip-172-31-33-1.us-east-2.compute.internal  [4087816@ip-172-31-33-1.us-east-2.compute.internal_CustomCompiler] (Licensed number of users already reached. (-4,342))
 1:48:48 (snpslmd) IN: "SynopsysCustomAdvancedPlus" sumonbose@ip-172-31-33-1.us-east-2.compute.internal  [4085574@ip-172-31-33-1.us-east-2.compute.internal_CustomCompiler] 
 1:48:50 (snpslmd) OUT: "SynopsysCustomAdvancedPlus" centos@ip-172-31-33-1.us-east-2.compute.internal  [4087816@ip-172-31-33-1.us-east-2.compute.internal_CustomCompiler] 
 1:49:36 (snpslmd) OUT: "SynopsysCustomSAE" centos@ip-172-31-33-1.us-east-2.compute.internal  [4087816@ip-172-31-33-1.us-east-2.compute.internal_CustomCompiler] 
 1:49:40 (snpslmd) OUT: "SynopsysCustomSAE" centos@ip-172-31-33-1.us-east-2.compute.internal  [4087816@ip-172-31-33-1.us-east-2.compute.internal_CustomCompiler] 
 1:52:14 (snpslmd) UNSUPPORTED: "CKTSIMSPICE" (PORT_AT_HOST_PLUS   ) centos@ip-172-31-33-1.us-east-2.compute.internal  (No such feature exists. (-5,346))
 1:52:14 (snpslmd) UNSUPPORTED: "FSSPICE" (PORT_AT_HOST_PLUS   ) centos@ip-172-31-33-1.us-east-2.compute.internal  (No such feature exists. (-5,346))
 1:52:14 (snpslmd) UNSUPPORTED: "CKTSIMPROFS" (PORT_AT_HOST_PLUS   ) centos@ip-172-31-33-1.us-east-2.compute.internal  (No such feature exists. (-5,346))
 1:52:14 (snpslmd) UNSUPPORTED: "FSPRO" (PORT_AT_HOST_PLUS   ) centos@ip-172-31-33-1.us-east-2.compute.internal  (No such feature exists. (-5,346))
 1:52:14 (snpslmd) OUT: "FSPRO2XSIM" centos@ip-172-31-33-1.us-east-2.compute.internal  
 1:52:14 (snpslmd) OUT: "xsim" centos@ip-172-31-33-1.us-east-2.compute.internal  
 1:52:14 (snpslmd) IN: "FSPRO2XSIM" centos@ip-172-31-33-1.us-east-2.compute.internal  
 1:52:14 (snpslmd) IN: "xsim" centos@ip-172-31-33-1.us-east-2.compute.internal  
 1:52:15 (snpslmd) UNSUPPORTED: "sx_wva" (PORT_AT_HOST_PLUS   ) centos@ip-172-31-33-1.us-east-2.compute.internal  [4087816@ip-172-31-33-1.us-east-2.compute.internal_CustomCompiler] (No such feature exists. (-5,346))
 1:52:15 (snpslmd) OUT: "spice_explorer" centos@ip-172-31-33-1.us-east-2.compute.internal  [4087816@ip-172-31-33-1.us-east-2.compute.internal_CustomCompiler] 
 1:52:18 (snpslmd) OUT: "spice_explorer" centos@ip-172-31-33-1.us-east-2.compute.internal  [4087816@ip-172-31-33-1.us-east-2.compute.internal_CustomCompiler] 
 1:52:23 (snpslmd) OUT: "SynopsysCustomSAE" centos@ip-172-31-33-1.us-east-2.compute.internal  [4087816@ip-172-31-33-1.us-east-2.compute.internal_CustomCompiler] 
 1:52:32 (snpslmd) IN: "spice_explorer" centos@ip-172-31-33-1.us-east-2.compute.internal  [4087816@ip-172-31-33-1.us-east-2.compute.internal_CustomCompiler] 
 1:53:47 (snpslmd) UNSUPPORTED: "CKTSIMSPICE" (PORT_AT_HOST_PLUS   ) centos@ip-172-31-33-1.us-east-2.compute.internal  (No such feature exists. (-5,346))
 1:53:47 (snpslmd) UNSUPPORTED: "FSSPICE" (PORT_AT_HOST_PLUS   ) centos@ip-172-31-33-1.us-east-2.compute.internal  (No such feature exists. (-5,346))
 1:53:47 (snpslmd) UNSUPPORTED: "CKTSIMPROFS" (PORT_AT_HOST_PLUS   ) centos@ip-172-31-33-1.us-east-2.compute.internal  (No such feature exists. (-5,346))
 1:53:47 (snpslmd) UNSUPPORTED: "FSPRO" (PORT_AT_HOST_PLUS   ) centos@ip-172-31-33-1.us-east-2.compute.internal  (No such feature exists. (-5,346))
 1:53:47 (snpslmd) OUT: "FSPRO2XSIM" centos@ip-172-31-33-1.us-east-2.compute.internal  
 1:53:47 (snpslmd) OUT: "xsim" centos@ip-172-31-33-1.us-east-2.compute.internal  
 1:53:49 (snpslmd) IN: "FSPRO2XSIM" centos@ip-172-31-33-1.us-east-2.compute.internal  
 1:53:49 (snpslmd) IN: "xsim" centos@ip-172-31-33-1.us-east-2.compute.internal  
 1:53:53 (snpslmd) OUT: "spice_explorer" centos@ip-172-31-33-1.us-east-2.compute.internal  [4087816@ip-172-31-33-1.us-east-2.compute.internal_CustomCompiler] 
 1:54:48 (snpslmd) UNSUPPORTED: "CKTSIMSPICE" (PORT_AT_HOST_PLUS   ) centos@ip-172-31-33-1.us-east-2.compute.internal  (No such feature exists. (-5,346))
 1:54:48 (snpslmd) UNSUPPORTED: "FSSPICE" (PORT_AT_HOST_PLUS   ) centos@ip-172-31-33-1.us-east-2.compute.internal  (No such feature exists. (-5,346))
 1:54:48 (snpslmd) UNSUPPORTED: "CKTSIMPROFS" (PORT_AT_HOST_PLUS   ) centos@ip-172-31-33-1.us-east-2.compute.internal  (No such feature exists. (-5,346))
 1:54:48 (snpslmd) UNSUPPORTED: "FSPRO" (PORT_AT_HOST_PLUS   ) centos@ip-172-31-33-1.us-east-2.compute.internal  (No such feature exists. (-5,346))
 1:54:48 (snpslmd) OUT: "FSPRO2XSIM" centos@ip-172-31-33-1.us-east-2.compute.internal  
 1:54:48 (snpslmd) OUT: "xsim" centos@ip-172-31-33-1.us-east-2.compute.internal  
 1:54:49 (snpslmd) IN: "FSPRO2XSIM" centos@ip-172-31-33-1.us-east-2.compute.internal  
 1:54:49 (snpslmd) IN: "xsim" centos@ip-172-31-33-1.us-east-2.compute.internal  
 1:56:52 (snpslmd) IN: "spice_explorer" centos@ip-172-31-33-1.us-east-2.compute.internal  [4087816@ip-172-31-33-1.us-east-2.compute.internal_CustomCompiler] 
 1:57:24 (snpslmd) IN: "SynopsysCustomSAE" centos@ip-172-31-33-1.us-east-2.compute.internal  [4087816@ip-172-31-33-1.us-east-2.compute.internal_CustomCompiler] 
 1:57:24 (snpslmd) IN: "SynopsysCustomSAE" centos@ip-172-31-33-1.us-east-2.compute.internal  [4087816@ip-172-31-33-1.us-east-2.compute.internal_CustomCompiler] 
 1:57:27 (snpslmd) IN: "SynopsysCustomSAE" centos@ip-172-31-33-1.us-east-2.compute.internal  [4087816@ip-172-31-33-1.us-east-2.compute.internal_CustomCompiler] 
 1:57:28 (snpslmd) IN: "SynopsysCustomAdvancedPlus" centos@ip-172-31-33-1.us-east-2.compute.internal  [4087816@ip-172-31-33-1.us-east-2.compute.internal_CustomCompiler] 
 1:57:28 (snpslmd) IN: "spice_explorer" centos@ip-172-31-33-1.us-east-2.compute.internal  [4087816@ip-172-31-33-1.us-east-2.compute.internal_CustomCompiler] 
 1:58:58 (lmgrd) SHUTDOWN request from centos at node ip-172-31-33-1.us-east-2.compute.internal
 1:58:58 (lmgrd) lmgrd will now shut down all the vendor daemons

 1:58:58 (lmgrd) Shutting down snpslmd pid=4087626 because of signal 15
 1:58:58 (snpslmd) (@snpslmd-SLOG@) ===============================================
 1:58:58 (snpslmd) (@snpslmd-SLOG@) === Last 10 Client Requests Processing Time (in ms) ===
 1:58:58 (snpslmd) (@snpslmd-SLOG@) Time: Thu May 06 2021 01:58:58 UTC
 1:58:58 (snpslmd) (@snpslmd-SLOG@) Request processing time, when, #concurrent clients, client info (user, node, FD)
 1:58:58 (snpslmd) (@snpslmd-SLOG@) 00000000 ms at Thu May 06 2021 01:58:58 UTC,#4,(centos,ip-172-31-33-1.us-east-2.compute.internal,75)
 1:58:58 (snpslmd) (@snpslmd-SLOG@) 00000000 ms at Thu May 06 2021 01:58:58 UTC,#4,(centos,ip-172-31-33-1.us-east-2.compute,75)
 1:58:58 (snpslmd) (@snpslmd-SLOG@) 00000000 ms at Thu May 06 2021 01:57:39 UTC,#4,(sumonbose,ip-172-31-33-1.us-east-2.compute.internal,75)
 1:58:58 (snpslmd) (@snpslmd-SLOG@) 00000000 ms at Thu May 06 2021 01:57:39 UTC,#4,(sumonbose,ip-172-31-33-1.us-east-2.compute.internal,75)
 1:58:58 (snpslmd) (@snpslmd-SLOG@) 00000001 ms at Thu May 06 2021 01:57:39 UTC,#4,(sumonbose,ip-172-31-33-1.us-east-2.compute.internal,75)
 1:58:58 (snpslmd) (@snpslmd-SLOG@) 00000000 ms at Thu May 06 2021 01:57:39 UTC,#4,(sumonbose,ip-172-31-33-1.us-east-2.compute,75)
 1:58:58 (snpslmd) (@snpslmd-SLOG@) 00000000 ms at Thu May 06 2021 01:57:39 UTC,#4,(sumonbose,ip-172-31-33-1.us-east-2.compute.internal,75)
 1:58:58 (snpslmd) (@snpslmd-SLOG@) 00000000 ms at Thu May 06 2021 01:57:39 UTC,#4,(sumonbose,ip-172-31-33-1.us-east-2.compute.internal,75)
 1:58:58 (snpslmd) (@snpslmd-SLOG@) 00000000 ms at Thu May 06 2021 01:57:39 UTC,#4,(sumonbose,ip-172-31-33-1.us-east-2.compute.internal,75)
 1:58:58 (snpslmd) (@snpslmd-SLOG@) 00000000 ms at Thu May 06 2021 01:57:39 UTC,#4,(sumonbose,ip-172-31-33-1.us-east-2.compute.internal,75)
 1:58:58 (snpslmd) (@snpslmd-SLOG@) 
 1:58:58 (snpslmd) (@snpslmd-SLOG@) === Top 10 Peak Client Requests Processing Time (in ms) ===
 1:58:58 (snpslmd) (@snpslmd-SLOG@) Time: Thu May 06 2021 01:58:58 UTC
 1:58:58 (snpslmd) (@snpslmd-SLOG@) Request processing time, when, #concurrent clients, client info (user, node, FD)
 1:58:58 (snpslmd) (@snpslmd-SLOG@) 00000001 ms at Thu May 06 2021 01:48:14 UTC,#4,(centos,ip-172-31-33-1.us-east-2.compute.internal,75)
 1:58:58 (snpslmd) (@snpslmd-SLOG@) 00000001 ms at Thu May 06 2021 01:48:14 UTC,#4,(centos,ip-172-31-33-1.us-east-2.compute.internal,75)
 1:58:58 (snpslmd) (@snpslmd-SLOG@) 00000001 ms at Thu May 06 2021 01:48:14 UTC,#5,(centos,ip-172-31-33-1.us-east-2.compute.internal,76)
 1:58:58 (snpslmd) (@snpslmd-SLOG@) 00000001 ms at Thu May 06 2021 01:48:26 UTC,#4,(centos,ip-172-31-33-1.us-east-2.compute.internal,75)
 1:58:58 (snpslmd) (@snpslmd-SLOG@) 00000001 ms at Thu May 06 2021 01:48:48 UTC,#4,(sumonbose,ip-172-31-33-1.us-east-2.compute.internal,74)
 1:58:58 (snpslmd) (@snpslmd-SLOG@) 00000001 ms at Thu May 06 2021 01:49:36 UTC,#3,(centos,ip-172-31-33-1.us-east-2.compute.internal,75)
 1:58:58 (snpslmd) (@snpslmd-SLOG@) 00000001 ms at Thu May 06 2021 01:49:40 UTC,#4,(centos,ip-172-31-33-1.us-east-2.compute.internal,74)
 1:58:58 (snpslmd) (@snpslmd-SLOG@) 00000001 ms at Thu May 06 2021 01:49:40 UTC,#5,(centos,ip-172-31-33-1.us-east-2.compute.internal,76)
 1:58:58 (snpslmd) (@snpslmd-SLOG@) 00000001 ms at Thu May 06 2021 01:52:14 UTC,#5,(centos,ip-172-31-33-1.us-east-2.compute.internal,76)
 1:58:58 (snpslmd) (@snpslmd-SLOG@) 00000001 ms at Thu May 06 2021 01:52:14 UTC,#5,(centos,ip-172-31-33-1.us-east-2.compute,76)
 1:58:58 (snpslmd) (@snpslmd-SLOG@) 
 1:58:58 (snpslmd) (@snpslmd-SLOG@) === Top 10 Peak In-house Operations time (in ms) ===
 1:58:58 (snpslmd) (@snpslmd-SLOG@) NOTE: Peak times greater than 4 seconds get recorded.
 1:58:58 (snpslmd) (@snpslmd-SLOG@) Time: Thu May 06 2021 01:58:58 UTC
 1:58:58 (snpslmd) (@snpslmd-SLOG@) In-house operation time, when, #concurrent clients
 1:58:58 (snpslmd) (@snpslmd-SLOG@) 
 1:58:58 (snpslmd) (@snpslmd-SLOG@) === Active Connections Info ===
 1:58:58 (snpslmd) (@snpslmd-SLOG@) Peak active connections #8 attempted at Thu May 06 2021 01:54:48 UTC
 1:58:58 (snpslmd) (@snpslmd-SLOG@) 
 1:58:58 (snpslmd) (@snpslmd-SLOG@) ===============================================
 1:58:58 (snpslmd) Shutdown requested.
 1:58:58 (snpslmd) daemon shutdown requested - shutting down
 1:58:58 (lmgrd) Shut down FlexNet snpslmd license server system on machine ip-172-31-33-1.us-east-2.compute.internal
 1:58:58 (lmgrd) EXITING DUE TO SIGNAL 15
